[0.016s] Invoking command in '/home/hsiutsu/ros2_ws/src/ros2_vicon_receiver/build/vicon_receiver': CMAKE_PREFIX_PATH=${CMAKE_PREFIX_PATH}:/opt/ros/galactic /usr/bin/cmake --build /home/hsiutsu/ros2_ws/src/ros2_vicon_receiver/build/vicon_receiver -- -j8 -l8
[0.071s] [  2%] Built target vicon_receiver__cpp
[0.071s] [ 11%] Built target vicon_receiver__rosidl_generator_c
[0.092s] [ 29%] Built target vicon_receiver__rosidl_typesupport_cpp
[0.092s] [ 29%] Built target vicon_receiver__rosidl_typesupport_introspection_cpp
[0.094s] [ 38%] Built target vicon_receiver__rosidl_typesupport_fastrtps_cpp
[0.113s] [ 47%] Built target vicon_receiver__rosidl_typesupport_c
[0.113s] [ 55%] Built target vicon_receiver__rosidl_typesupport_introspection_c
[0.117s] [ 64%] Built target vicon_receiver__rosidl_typesupport_fastrtps_c
[0.139s] [ 64%] Built target vicon_receiver
[0.153s] [35m[1mScanning dependencies of target vicon_client[0m
[0.161s] [ 67%] Built target vicon_receiver__py
[0.184s] [ 76%] Built target vicon_receiver__python
[0.184s] [ 76%] [32mBuilding CXX object CMakeFiles/vicon_client.dir/src/publisher.cpp.o[0m
[0.208s] [ 94%] Built target vicon_receiver__rosidl_typesupport_c__pyext
[0.208s] [ 94%] Built target vicon_receiver__rosidl_typesupport_introspection_c__pyext
[0.209s] [ 94%] Built target vicon_receiver__rosidl_typesupport_fastrtps_c__pyext
[4.729s] [ 97%] [32m[1mLinking CXX executable vicon_client[0m
[4.960s] [100%] Built target vicon_client
[4.970s] Invoked command in '/home/hsiutsu/ros2_ws/src/ros2_vicon_receiver/build/vicon_receiver' returned '0': CMAKE_PREFIX_PATH=${CMAKE_PREFIX_PATH}:/opt/ros/galactic /usr/bin/cmake --build /home/hsiutsu/ros2_ws/src/ros2_vicon_receiver/build/vicon_receiver -- -j8 -l8
[5.037s] Invoking command in '/home/hsiutsu/ros2_ws/src/ros2_vicon_receiver/build/vicon_receiver': CMAKE_PREFIX_PATH=${CMAKE_PREFIX_PATH}:/opt/ros/galactic /usr/bin/cmake --install /home/hsiutsu/ros2_ws/src/ros2_vicon_receiver/build/vicon_receiver
[5.047s] -- Install configuration: ""
[5.047s] -- Execute custom install script
[5.047s] -- Up-to-date symlink: /home/hsiutsu/ros2_ws/src/ros2_vicon_receiver/install/vicon_receiver/share/ament_index/resource_index/rosidl_interfaces/vicon_receiver
[5.048s] -- Up-to-date symlink: /home/hsiutsu/ros2_ws/src/ros2_vicon_receiver/install/vicon_receiver/include/vicon_receiver/msg/detail/position__functions.h
[5.048s] -- Up-to-date symlink: /home/hsiutsu/ros2_ws/src/ros2_vicon_receiver/install/vicon_receiver/include/vicon_receiver/msg/detail/position__struct.h
[5.048s] -- Up-to-date symlink: /home/hsiutsu/ros2_ws/src/ros2_vicon_receiver/install/vicon_receiver/include/vicon_receiver/msg/detail/position__type_support.h
[5.049s] -- Up-to-date symlink: /home/hsiutsu/ros2_ws/src/ros2_vicon_receiver/install/vicon_receiver/include/vicon_receiver/msg/position.h
[5.049s] -- Up-to-date symlink: /home/hsiutsu/ros2_ws/src/ros2_vicon_receiver/install/vicon_receiver/include/vicon_receiver/msg/rosidl_generator_c__visibility_control.h
[5.049s] -- Up-to-date symlink: /home/hsiutsu/ros2_ws/src/ros2_vicon_receiver/install/vicon_receiver/share/vicon_receiver/environment/library_path.sh
[5.050s] -- Up-to-date symlink: /home/hsiutsu/ros2_ws/src/ros2_vicon_receiver/install/vicon_receiver/share/vicon_receiver/environment/library_path.dsv
[5.050s] -- Up-to-date symlink: /home/hsiutsu/ros2_ws/src/ros2_vicon_receiver/install/vicon_receiver/include/vicon_receiver/msg/detail/position__rosidl_typesupport_fastrtps_c.h
[5.050s] -- Up-to-date symlink: /home/hsiutsu/ros2_ws/src/ros2_vicon_receiver/install/vicon_receiver/include/vicon_receiver/msg/rosidl_typesupport_fastrtps_c__visibility_control.h
[5.051s] -- Up-to-date symlink: /home/hsiutsu/ros2_ws/src/ros2_vicon_receiver/install/vicon_receiver/lib/libvicon_receiver__rosidl_typesupport_fastrtps_c.so
[5.051s] -- Up-to-date symlink: /home/hsiutsu/ros2_ws/src/ros2_vicon_receiver/install/vicon_receiver/include/vicon_receiver/msg/detail/position__rosidl_typesupport_fastrtps_cpp.hpp
[5.052s] -- Up-to-date symlink: /home/hsiutsu/ros2_ws/src/ros2_vicon_receiver/install/vicon_receiver/include/vicon_receiver/msg/rosidl_typesupport_fastrtps_cpp__visibility_control.h
[5.052s] -- Up-to-date symlink: /home/hsiutsu/ros2_ws/src/ros2_vicon_receiver/install/vicon_receiver/lib/libvicon_receiver__rosidl_typesupport_fastrtps_cpp.so
[5.053s] -- Up-to-date symlink: /home/hsiutsu/ros2_ws/src/ros2_vicon_receiver/install/vicon_receiver/include/vicon_receiver/msg/detail/position__rosidl_typesupport_introspection_c.h
[5.053s] -- Up-to-date symlink: /home/hsiutsu/ros2_ws/src/ros2_vicon_receiver/install/vicon_receiver/include/vicon_receiver/msg/rosidl_typesupport_introspection_c__visibility_control.h
[5.053s] -- Up-to-date symlink: /home/hsiutsu/ros2_ws/src/ros2_vicon_receiver/install/vicon_receiver/include/vicon_receiver/msg/detail/position__builder.hpp
[5.054s] -- Up-to-date symlink: /home/hsiutsu/ros2_ws/src/ros2_vicon_receiver/install/vicon_receiver/include/vicon_receiver/msg/detail/position__struct.hpp
[5.054s] -- Up-to-date symlink: /home/hsiutsu/ros2_ws/src/ros2_vicon_receiver/install/vicon_receiver/include/vicon_receiver/msg/detail/position__traits.hpp
[5.054s] -- Up-to-date symlink: /home/hsiutsu/ros2_ws/src/ros2_vicon_receiver/install/vicon_receiver/include/vicon_receiver/msg/position.hpp
[5.054s] -- Up-to-date symlink: /home/hsiutsu/ros2_ws/src/ros2_vicon_receiver/install/vicon_receiver/include/vicon_receiver/msg/detail/position__rosidl_typesupport_introspection_cpp.hpp
[5.055s] -- Up-to-date symlink: /home/hsiutsu/ros2_ws/src/ros2_vicon_receiver/install/vicon_receiver/share/vicon_receiver/environment/pythonpath.sh
[5.055s] -- Up-to-date symlink: /home/hsiutsu/ros2_ws/src/ros2_vicon_receiver/install/vicon_receiver/share/vicon_receiver/environment/pythonpath.dsv
[5.055s] -- Up-to-date symlink: /home/hsiutsu/ros2_ws/src/ros2_vicon_receiver/install/vicon_receiver/lib/python3.8/site-packages/vicon_receiver/__init__.py
[5.056s] -- Up-to-date symlink: /home/hsiutsu/ros2_ws/src/ros2_vicon_receiver/install/vicon_receiver/lib/python3.8/site-packages/vicon_receiver/msg/__init__.py
[5.056s] -- Up-to-date symlink: /home/hsiutsu/ros2_ws/src/ros2_vicon_receiver/install/vicon_receiver/lib/python3.8/site-packages/vicon_receiver/msg/_position.py
[5.056s] -- Up-to-date symlink: /home/hsiutsu/ros2_ws/src/ros2_vicon_receiver/install/vicon_receiver/lib/python3.8/site-packages/vicon_receiver/vicon_receiver_s__rosidl_typesupport_fastrtps_c.cpython-38-x86_64-linux-gnu.so
[5.057s] -- Up-to-date symlink: /home/hsiutsu/ros2_ws/src/ros2_vicon_receiver/install/vicon_receiver/lib/python3.8/site-packages/vicon_receiver/vicon_receiver_s__rosidl_typesupport_introspection_c.cpython-38-x86_64-linux-gnu.so
[5.057s] -- Up-to-date symlink: /home/hsiutsu/ros2_ws/src/ros2_vicon_receiver/install/vicon_receiver/lib/python3.8/site-packages/vicon_receiver/vicon_receiver_s__rosidl_typesupport_c.cpython-38-x86_64-linux-gnu.so
[5.058s] -- Up-to-date symlink: /home/hsiutsu/ros2_ws/src/ros2_vicon_receiver/install/vicon_receiver/lib/libvicon_receiver__python.so
[5.058s] -- Up-to-date symlink: /home/hsiutsu/ros2_ws/src/ros2_vicon_receiver/install/vicon_receiver/share/vicon_receiver/msg/Position.idl
[5.058s] -- Up-to-date symlink: /home/hsiutsu/ros2_ws/src/ros2_vicon_receiver/install/vicon_receiver/share/vicon_receiver/msg/Position.msg
[5.059s] -- Up-to-date symlink: /home/hsiutsu/ros2_ws/src/ros2_vicon_receiver/install/vicon_receiver/lib/vicon_receiver/vicon_client
[5.059s] -- Up-to-date symlink: /home/hsiutsu/ros2_ws/src/ros2_vicon_receiver/install/vicon_receiver/share/vicon_receiver//launch/client.launch.py
[5.059s] -- Up-to-date symlink: /home/hsiutsu/ros2_ws/src/ros2_vicon_receiver/install/vicon_receiver/share/ament_index/resource_index/package_run_dependencies/vicon_receiver
[5.060s] -- Up-to-date symlink: /home/hsiutsu/ros2_ws/src/ros2_vicon_receiver/install/vicon_receiver/share/ament_index/resource_index/parent_prefix_path/vicon_receiver
[5.060s] -- Up-to-date symlink: /home/hsiutsu/ros2_ws/src/ros2_vicon_receiver/install/vicon_receiver/share/vicon_receiver/environment/ament_prefix_path.sh
[5.060s] -- Up-to-date symlink: /home/hsiutsu/ros2_ws/src/ros2_vicon_receiver/install/vicon_receiver/share/vicon_receiver/environment/ament_prefix_path.dsv
[5.060s] -- Up-to-date symlink: /home/hsiutsu/ros2_ws/src/ros2_vicon_receiver/install/vicon_receiver/share/vicon_receiver/environment/path.sh
[5.061s] -- Up-to-date symlink: /home/hsiutsu/ros2_ws/src/ros2_vicon_receiver/install/vicon_receiver/share/vicon_receiver/environment/path.dsv
[5.061s] -- Up-to-date symlink: /home/hsiutsu/ros2_ws/src/ros2_vicon_receiver/install/vicon_receiver/share/vicon_receiver/local_setup.bash
[5.061s] -- Up-to-date symlink: /home/hsiutsu/ros2_ws/src/ros2_vicon_receiver/install/vicon_receiver/share/vicon_receiver/local_setup.sh
[5.061s] -- Up-to-date symlink: /home/hsiutsu/ros2_ws/src/ros2_vicon_receiver/install/vicon_receiver/share/vicon_receiver/local_setup.zsh
[5.062s] -- Up-to-date symlink: /home/hsiutsu/ros2_ws/src/ros2_vicon_receiver/install/vicon_receiver/share/vicon_receiver/local_setup.dsv
[5.062s] -- Symlinking: /home/hsiutsu/ros2_ws/src/ros2_vicon_receiver/install/vicon_receiver/share/vicon_receiver/package.dsv
[5.072s] -- Up-to-date symlink: /home/hsiutsu/ros2_ws/src/ros2_vicon_receiver/install/vicon_receiver/share/ament_index/resource_index/packages/vicon_receiver
[5.072s] -- Up-to-date symlink: /home/hsiutsu/ros2_ws/src/ros2_vicon_receiver/install/vicon_receiver/share/vicon_receiver/cmake/rosidl_cmake-extras.cmake
[5.073s] -- Up-to-date symlink: /home/hsiutsu/ros2_ws/src/ros2_vicon_receiver/install/vicon_receiver/share/vicon_receiver/cmake/ament_cmake_export_dependencies-extras.cmake
[5.073s] -- Up-to-date symlink: /home/hsiutsu/ros2_ws/src/ros2_vicon_receiver/install/vicon_receiver/share/vicon_receiver/cmake/ament_cmake_export_libraries-extras.cmake
[5.073s] -- Up-to-date symlink: /home/hsiutsu/ros2_ws/src/ros2_vicon_receiver/install/vicon_receiver/share/vicon_receiver/cmake/ament_cmake_export_targets-extras.cmake
[5.073s] -- Up-to-date symlink: /home/hsiutsu/ros2_ws/src/ros2_vicon_receiver/install/vicon_receiver/share/vicon_receiver/cmake/ament_cmake_export_include_directories-extras.cmake
[5.074s] -- Up-to-date symlink: /home/hsiutsu/ros2_ws/src/ros2_vicon_receiver/install/vicon_receiver/share/vicon_receiver/cmake/rosidl_cmake_export_typesupport_libraries-extras.cmake
[5.074s] -- Up-to-date symlink: /home/hsiutsu/ros2_ws/src/ros2_vicon_receiver/install/vicon_receiver/share/vicon_receiver/cmake/rosidl_cmake_export_typesupport_targets-extras.cmake
[5.074s] -- Up-to-date symlink: /home/hsiutsu/ros2_ws/src/ros2_vicon_receiver/install/vicon_receiver/share/vicon_receiver/cmake/vicon_receiverConfig.cmake
[5.074s] -- Up-to-date symlink: /home/hsiutsu/ros2_ws/src/ros2_vicon_receiver/install/vicon_receiver/share/vicon_receiver/cmake/vicon_receiverConfig-version.cmake
[5.075s] -- Up-to-date symlink: /home/hsiutsu/ros2_ws/src/ros2_vicon_receiver/install/vicon_receiver/share/vicon_receiver/package.xml
[5.075s] -- Up-to-date: /home/hsiutsu/ros2_ws/src/ros2_vicon_receiver/install/vicon_receiver/lib/libvicon_receiver__rosidl_generator_c.so
[5.075s] -- Up-to-date: /home/hsiutsu/ros2_ws/src/ros2_vicon_receiver/install/vicon_receiver/lib/libvicon_receiver__rosidl_typesupport_introspection_c.so
[5.076s] -- Up-to-date: /home/hsiutsu/ros2_ws/src/ros2_vicon_receiver/install/vicon_receiver/lib/libvicon_receiver__rosidl_typesupport_c.so
[5.076s] -- Up-to-date: /home/hsiutsu/ros2_ws/src/ros2_vicon_receiver/install/vicon_receiver/lib/libvicon_receiver__rosidl_typesupport_introspection_cpp.so
[5.076s] -- Up-to-date: /home/hsiutsu/ros2_ws/src/ros2_vicon_receiver/install/vicon_receiver/lib/libvicon_receiver__rosidl_typesupport_cpp.so
[5.110s] -- Up-to-date: /home/hsiutsu/ros2_ws/src/ros2_vicon_receiver/install/vicon_receiver/share/vicon_receiver/cmake/vicon_receiver__rosidl_generator_cExport.cmake
[5.110s] -- Up-to-date: /home/hsiutsu/ros2_ws/src/ros2_vicon_receiver/install/vicon_receiver/share/vicon_receiver/cmake/vicon_receiver__rosidl_generator_cExport-noconfig.cmake
[5.110s] -- Up-to-date: /home/hsiutsu/ros2_ws/src/ros2_vicon_receiver/install/vicon_receiver/share/vicon_receiver/cmake/vicon_receiver__rosidl_typesupport_introspection_cExport.cmake
[5.110s] -- Up-to-date: /home/hsiutsu/ros2_ws/src/ros2_vicon_receiver/install/vicon_receiver/share/vicon_receiver/cmake/vicon_receiver__rosidl_typesupport_introspection_cExport-noconfig.cmake
[5.111s] -- Up-to-date: /home/hsiutsu/ros2_ws/src/ros2_vicon_receiver/install/vicon_receiver/share/vicon_receiver/cmake/vicon_receiver__rosidl_typesupport_cExport.cmake
[5.111s] -- Up-to-date: /home/hsiutsu/ros2_ws/src/ros2_vicon_receiver/install/vicon_receiver/share/vicon_receiver/cmake/vicon_receiver__rosidl_typesupport_cExport-noconfig.cmake
[5.111s] -- Up-to-date: /home/hsiutsu/ros2_ws/src/ros2_vicon_receiver/install/vicon_receiver/share/vicon_receiver/cmake/vicon_receiver__rosidl_generator_cppExport.cmake
[5.111s] -- Up-to-date: /home/hsiutsu/ros2_ws/src/ros2_vicon_receiver/install/vicon_receiver/share/vicon_receiver/cmake/vicon_receiver__rosidl_typesupport_introspection_cppExport.cmake
[5.111s] -- Up-to-date: /home/hsiutsu/ros2_ws/src/ros2_vicon_receiver/install/vicon_receiver/share/vicon_receiver/cmake/vicon_receiver__rosidl_typesupport_introspection_cppExport-noconfig.cmake
[5.111s] -- Up-to-date: /home/hsiutsu/ros2_ws/src/ros2_vicon_receiver/install/vicon_receiver/share/vicon_receiver/cmake/vicon_receiver__rosidl_typesupport_cppExport.cmake
[5.111s] -- Up-to-date: /home/hsiutsu/ros2_ws/src/ros2_vicon_receiver/install/vicon_receiver/share/vicon_receiver/cmake/vicon_receiver__rosidl_typesupport_cppExport-noconfig.cmake
[5.113s] Invoked command in '/home/hsiutsu/ros2_ws/src/ros2_vicon_receiver/build/vicon_receiver' returned '0': CMAKE_PREFIX_PATH=${CMAKE_PREFIX_PATH}:/opt/ros/galactic /usr/bin/cmake --install /home/hsiutsu/ros2_ws/src/ros2_vicon_receiver/build/vicon_receiver
