[0.015s] Invoking command in '/home/hsiutsu/ros2_ws/src/ros2_vicon_receiver/vicon_receiver/build/vicon_receiver': CMAKE_PREFIX_PATH=${CMAKE_PREFIX_PATH}:/opt/ros/galactic /usr/bin/cmake --build /home/hsiutsu/ros2_ws/src/ros2_vicon_receiver/vicon_receiver/build/vicon_receiver -- -j8 -l8
[0.071s] [  8%] Built target vicon_receiver__cpp
[0.072s] [ 11%] Built target vicon_receiver__rosidl_generator_c
[0.091s] [ 38%] Built target vicon_receiver__rosidl_typesupport_introspection_cpp
[0.091s] [ 38%] Built target vicon_receiver__rosidl_typesupport_introspection_c
[0.092s] [ 38%] Built target vicon_receiver__rosidl_typesupport_c
[0.111s] [ 47%] Built target vicon_receiver__rosidl_typesupport_cpp
[0.114s] [ 55%] Built target vicon_receiver__rosidl_typesupport_fastrtps_cpp
[0.140s] [ 64%] Built target vicon_receiver__rosidl_typesupport_fastrtps_c
[0.163s] [ 64%] Built target vicon_receiver
[0.183s] [ 67%] Built target vicon_receiver__py
[0.193s] [ 76%] Built target vicon_client
[0.208s] [ 82%] Built target vicon_receiver__python
[0.234s] [100%] Built target vicon_receiver__rosidl_typesupport_c__pyext
[0.234s] [100%] Built target vicon_receiver__rosidl_typesupport_introspection_c__pyext
[0.234s] [100%] Built target vicon_receiver__rosidl_typesupport_fastrtps_c__pyext
[0.244s] Invoked command in '/home/hsiutsu/ros2_ws/src/ros2_vicon_receiver/vicon_receiver/build/vicon_receiver' returned '0': CMAKE_PREFIX_PATH=${CMAKE_PREFIX_PATH}:/opt/ros/galactic /usr/bin/cmake --build /home/hsiutsu/ros2_ws/src/ros2_vicon_receiver/vicon_receiver/build/vicon_receiver -- -j8 -l8
[0.314s] Invoking command in '/home/hsiutsu/ros2_ws/src/ros2_vicon_receiver/vicon_receiver/build/vicon_receiver': CMAKE_PREFIX_PATH=${CMAKE_PREFIX_PATH}:/opt/ros/galactic /usr/bin/cmake --install /home/hsiutsu/ros2_ws/src/ros2_vicon_receiver/vicon_receiver/build/vicon_receiver
[0.324s] -- Install configuration: ""
[0.324s] -- Execute custom install script
[0.325s] -- Up-to-date symlink: /home/hsiutsu/ros2_ws/src/ros2_vicon_receiver/vicon_receiver/install/vicon_receiver/share/ament_index/resource_index/rosidl_interfaces/vicon_receiver
[0.325s] -- Up-to-date symlink: /home/hsiutsu/ros2_ws/src/ros2_vicon_receiver/vicon_receiver/install/vicon_receiver/include/vicon_receiver/msg/detail/position__functions.h
[0.326s] -- Up-to-date symlink: /home/hsiutsu/ros2_ws/src/ros2_vicon_receiver/vicon_receiver/install/vicon_receiver/include/vicon_receiver/msg/detail/position__struct.h
[0.326s] -- Up-to-date symlink: /home/hsiutsu/ros2_ws/src/ros2_vicon_receiver/vicon_receiver/install/vicon_receiver/include/vicon_receiver/msg/detail/position__type_support.h
[0.326s] -- Up-to-date symlink: /home/hsiutsu/ros2_ws/src/ros2_vicon_receiver/vicon_receiver/install/vicon_receiver/include/vicon_receiver/msg/position.h
[0.326s] -- Up-to-date symlink: /home/hsiutsu/ros2_ws/src/ros2_vicon_receiver/vicon_receiver/install/vicon_receiver/include/vicon_receiver/msg/rosidl_generator_c__visibility_control.h
[0.327s] -- Up-to-date symlink: /home/hsiutsu/ros2_ws/src/ros2_vicon_receiver/vicon_receiver/install/vicon_receiver/share/vicon_receiver/environment/library_path.sh
[0.327s] -- Up-to-date symlink: /home/hsiutsu/ros2_ws/src/ros2_vicon_receiver/vicon_receiver/install/vicon_receiver/share/vicon_receiver/environment/library_path.dsv
[0.327s] -- Up-to-date symlink: /home/hsiutsu/ros2_ws/src/ros2_vicon_receiver/vicon_receiver/install/vicon_receiver/include/vicon_receiver/msg/detail/position__rosidl_typesupport_fastrtps_c.h
[0.328s] -- Up-to-date symlink: /home/hsiutsu/ros2_ws/src/ros2_vicon_receiver/vicon_receiver/install/vicon_receiver/include/vicon_receiver/msg/rosidl_typesupport_fastrtps_c__visibility_control.h
[0.328s] -- Up-to-date symlink: /home/hsiutsu/ros2_ws/src/ros2_vicon_receiver/vicon_receiver/install/vicon_receiver/lib/libvicon_receiver__rosidl_typesupport_fastrtps_c.so
[0.329s] -- Up-to-date symlink: /home/hsiutsu/ros2_ws/src/ros2_vicon_receiver/vicon_receiver/install/vicon_receiver/include/vicon_receiver/msg/detail/position__rosidl_typesupport_fastrtps_cpp.hpp
[0.329s] -- Up-to-date symlink: /home/hsiutsu/ros2_ws/src/ros2_vicon_receiver/vicon_receiver/install/vicon_receiver/include/vicon_receiver/msg/rosidl_typesupport_fastrtps_cpp__visibility_control.h
[0.330s] -- Up-to-date symlink: /home/hsiutsu/ros2_ws/src/ros2_vicon_receiver/vicon_receiver/install/vicon_receiver/lib/libvicon_receiver__rosidl_typesupport_fastrtps_cpp.so
[0.330s] -- Up-to-date symlink: /home/hsiutsu/ros2_ws/src/ros2_vicon_receiver/vicon_receiver/install/vicon_receiver/include/vicon_receiver/msg/detail/position__rosidl_typesupport_introspection_c.h
[0.331s] -- Up-to-date symlink: /home/hsiutsu/ros2_ws/src/ros2_vicon_receiver/vicon_receiver/install/vicon_receiver/include/vicon_receiver/msg/rosidl_typesupport_introspection_c__visibility_control.h
[0.331s] -- Up-to-date symlink: /home/hsiutsu/ros2_ws/src/ros2_vicon_receiver/vicon_receiver/install/vicon_receiver/include/vicon_receiver/msg/detail/position__builder.hpp
[0.331s] -- Up-to-date symlink: /home/hsiutsu/ros2_ws/src/ros2_vicon_receiver/vicon_receiver/install/vicon_receiver/include/vicon_receiver/msg/detail/position__struct.hpp
[0.331s] -- Up-to-date symlink: /home/hsiutsu/ros2_ws/src/ros2_vicon_receiver/vicon_receiver/install/vicon_receiver/include/vicon_receiver/msg/detail/position__traits.hpp
[0.332s] -- Up-to-date symlink: /home/hsiutsu/ros2_ws/src/ros2_vicon_receiver/vicon_receiver/install/vicon_receiver/include/vicon_receiver/msg/position.hpp
[0.332s] -- Up-to-date symlink: /home/hsiutsu/ros2_ws/src/ros2_vicon_receiver/vicon_receiver/install/vicon_receiver/include/vicon_receiver/msg/detail/position__rosidl_typesupport_introspection_cpp.hpp
[0.333s] -- Up-to-date symlink: /home/hsiutsu/ros2_ws/src/ros2_vicon_receiver/vicon_receiver/install/vicon_receiver/share/vicon_receiver/environment/pythonpath.sh
[0.333s] -- Up-to-date symlink: /home/hsiutsu/ros2_ws/src/ros2_vicon_receiver/vicon_receiver/install/vicon_receiver/share/vicon_receiver/environment/pythonpath.dsv
[0.333s] -- Up-to-date symlink: /home/hsiutsu/ros2_ws/src/ros2_vicon_receiver/vicon_receiver/install/vicon_receiver/lib/python3.8/site-packages/vicon_receiver/__init__.py
[0.334s] -- Up-to-date symlink: /home/hsiutsu/ros2_ws/src/ros2_vicon_receiver/vicon_receiver/install/vicon_receiver/lib/python3.8/site-packages/vicon_receiver/msg/__init__.py
[0.334s] -- Up-to-date symlink: /home/hsiutsu/ros2_ws/src/ros2_vicon_receiver/vicon_receiver/install/vicon_receiver/lib/python3.8/site-packages/vicon_receiver/msg/_position.py
[0.334s] -- Up-to-date symlink: /home/hsiutsu/ros2_ws/src/ros2_vicon_receiver/vicon_receiver/install/vicon_receiver/lib/python3.8/site-packages/vicon_receiver/vicon_receiver_s__rosidl_typesupport_fastrtps_c.cpython-38-x86_64-linux-gnu.so
[0.335s] -- Up-to-date symlink: /home/hsiutsu/ros2_ws/src/ros2_vicon_receiver/vicon_receiver/install/vicon_receiver/lib/python3.8/site-packages/vicon_receiver/vicon_receiver_s__rosidl_typesupport_introspection_c.cpython-38-x86_64-linux-gnu.so
[0.335s] -- Up-to-date symlink: /home/hsiutsu/ros2_ws/src/ros2_vicon_receiver/vicon_receiver/install/vicon_receiver/lib/python3.8/site-packages/vicon_receiver/vicon_receiver_s__rosidl_typesupport_c.cpython-38-x86_64-linux-gnu.so
[0.336s] -- Up-to-date symlink: /home/hsiutsu/ros2_ws/src/ros2_vicon_receiver/vicon_receiver/install/vicon_receiver/lib/libvicon_receiver__python.so
[0.336s] -- Up-to-date symlink: /home/hsiutsu/ros2_ws/src/ros2_vicon_receiver/vicon_receiver/install/vicon_receiver/share/vicon_receiver/msg/Position.idl
[0.337s] -- Up-to-date symlink: /home/hsiutsu/ros2_ws/src/ros2_vicon_receiver/vicon_receiver/install/vicon_receiver/share/vicon_receiver/msg/Position.msg
[0.338s] -- Up-to-date symlink: /home/hsiutsu/ros2_ws/src/ros2_vicon_receiver/vicon_receiver/install/vicon_receiver/lib/vicon_receiver/vicon_client
[0.338s] -- Up-to-date symlink: /home/hsiutsu/ros2_ws/src/ros2_vicon_receiver/vicon_receiver/install/vicon_receiver/share/vicon_receiver//launch/client.launch.py
[0.339s] -- Up-to-date symlink: /home/hsiutsu/ros2_ws/src/ros2_vicon_receiver/vicon_receiver/install/vicon_receiver/share/ament_index/resource_index/package_run_dependencies/vicon_receiver
[0.339s] -- Up-to-date symlink: /home/hsiutsu/ros2_ws/src/ros2_vicon_receiver/vicon_receiver/install/vicon_receiver/share/ament_index/resource_index/parent_prefix_path/vicon_receiver
[0.339s] -- Up-to-date symlink: /home/hsiutsu/ros2_ws/src/ros2_vicon_receiver/vicon_receiver/install/vicon_receiver/share/vicon_receiver/environment/ament_prefix_path.sh
[0.340s] -- Up-to-date symlink: /home/hsiutsu/ros2_ws/src/ros2_vicon_receiver/vicon_receiver/install/vicon_receiver/share/vicon_receiver/environment/ament_prefix_path.dsv
[0.340s] -- Up-to-date symlink: /home/hsiutsu/ros2_ws/src/ros2_vicon_receiver/vicon_receiver/install/vicon_receiver/share/vicon_receiver/environment/path.sh
[0.340s] -- Up-to-date symlink: /home/hsiutsu/ros2_ws/src/ros2_vicon_receiver/vicon_receiver/install/vicon_receiver/share/vicon_receiver/environment/path.dsv
[0.341s] -- Up-to-date symlink: /home/hsiutsu/ros2_ws/src/ros2_vicon_receiver/vicon_receiver/install/vicon_receiver/share/vicon_receiver/local_setup.bash
[0.341s] -- Up-to-date symlink: /home/hsiutsu/ros2_ws/src/ros2_vicon_receiver/vicon_receiver/install/vicon_receiver/share/vicon_receiver/local_setup.sh
[0.341s] -- Up-to-date symlink: /home/hsiutsu/ros2_ws/src/ros2_vicon_receiver/vicon_receiver/install/vicon_receiver/share/vicon_receiver/local_setup.zsh
[0.342s] -- Up-to-date symlink: /home/hsiutsu/ros2_ws/src/ros2_vicon_receiver/vicon_receiver/install/vicon_receiver/share/vicon_receiver/local_setup.dsv
[0.342s] -- Symlinking: /home/hsiutsu/ros2_ws/src/ros2_vicon_receiver/vicon_receiver/install/vicon_receiver/share/vicon_receiver/package.dsv
[0.353s] -- Up-to-date symlink: /home/hsiutsu/ros2_ws/src/ros2_vicon_receiver/vicon_receiver/install/vicon_receiver/share/ament_index/resource_index/packages/vicon_receiver
[0.353s] -- Up-to-date symlink: /home/hsiutsu/ros2_ws/src/ros2_vicon_receiver/vicon_receiver/install/vicon_receiver/share/vicon_receiver/cmake/rosidl_cmake-extras.cmake
[0.353s] -- Up-to-date symlink: /home/hsiutsu/ros2_ws/src/ros2_vicon_receiver/vicon_receiver/install/vicon_receiver/share/vicon_receiver/cmake/ament_cmake_export_dependencies-extras.cmake
[0.354s] -- Up-to-date symlink: /home/hsiutsu/ros2_ws/src/ros2_vicon_receiver/vicon_receiver/install/vicon_receiver/share/vicon_receiver/cmake/ament_cmake_export_libraries-extras.cmake
[0.354s] -- Up-to-date symlink: /home/hsiutsu/ros2_ws/src/ros2_vicon_receiver/vicon_receiver/install/vicon_receiver/share/vicon_receiver/cmake/ament_cmake_export_targets-extras.cmake
[0.354s] -- Up-to-date symlink: /home/hsiutsu/ros2_ws/src/ros2_vicon_receiver/vicon_receiver/install/vicon_receiver/share/vicon_receiver/cmake/ament_cmake_export_include_directories-extras.cmake
[0.355s] -- Up-to-date symlink: /home/hsiutsu/ros2_ws/src/ros2_vicon_receiver/vicon_receiver/install/vicon_receiver/share/vicon_receiver/cmake/rosidl_cmake_export_typesupport_libraries-extras.cmake
[0.355s] -- Up-to-date symlink: /home/hsiutsu/ros2_ws/src/ros2_vicon_receiver/vicon_receiver/install/vicon_receiver/share/vicon_receiver/cmake/rosidl_cmake_export_typesupport_targets-extras.cmake
[0.355s] -- Up-to-date symlink: /home/hsiutsu/ros2_ws/src/ros2_vicon_receiver/vicon_receiver/install/vicon_receiver/share/vicon_receiver/cmake/vicon_receiverConfig.cmake
[0.355s] -- Up-to-date symlink: /home/hsiutsu/ros2_ws/src/ros2_vicon_receiver/vicon_receiver/install/vicon_receiver/share/vicon_receiver/cmake/vicon_receiverConfig-version.cmake
[0.356s] -- Up-to-date symlink: /home/hsiutsu/ros2_ws/src/ros2_vicon_receiver/vicon_receiver/install/vicon_receiver/share/vicon_receiver/package.xml
[0.356s] -- Up-to-date: /home/hsiutsu/ros2_ws/src/ros2_vicon_receiver/vicon_receiver/install/vicon_receiver/lib/libvicon_receiver__rosidl_generator_c.so
[0.356s] -- Up-to-date: /home/hsiutsu/ros2_ws/src/ros2_vicon_receiver/vicon_receiver/install/vicon_receiver/lib/libvicon_receiver__rosidl_typesupport_introspection_c.so
[0.357s] -- Up-to-date: /home/hsiutsu/ros2_ws/src/ros2_vicon_receiver/vicon_receiver/install/vicon_receiver/lib/libvicon_receiver__rosidl_typesupport_c.so
[0.357s] -- Up-to-date: /home/hsiutsu/ros2_ws/src/ros2_vicon_receiver/vicon_receiver/install/vicon_receiver/lib/libvicon_receiver__rosidl_typesupport_introspection_cpp.so
[0.358s] -- Up-to-date: /home/hsiutsu/ros2_ws/src/ros2_vicon_receiver/vicon_receiver/install/vicon_receiver/lib/libvicon_receiver__rosidl_typesupport_cpp.so
[0.391s] -- Up-to-date: /home/hsiutsu/ros2_ws/src/ros2_vicon_receiver/vicon_receiver/install/vicon_receiver/share/vicon_receiver/cmake/vicon_receiver__rosidl_generator_cExport.cmake
[0.391s] -- Up-to-date: /home/hsiutsu/ros2_ws/src/ros2_vicon_receiver/vicon_receiver/install/vicon_receiver/share/vicon_receiver/cmake/vicon_receiver__rosidl_generator_cExport-noconfig.cmake
[0.391s] -- Up-to-date: /home/hsiutsu/ros2_ws/src/ros2_vicon_receiver/vicon_receiver/install/vicon_receiver/share/vicon_receiver/cmake/vicon_receiver__rosidl_typesupport_introspection_cExport.cmake
[0.391s] -- Up-to-date: /home/hsiutsu/ros2_ws/src/ros2_vicon_receiver/vicon_receiver/install/vicon_receiver/share/vicon_receiver/cmake/vicon_receiver__rosidl_typesupport_introspection_cExport-noconfig.cmake
[0.392s] -- Up-to-date: /home/hsiutsu/ros2_ws/src/ros2_vicon_receiver/vicon_receiver/install/vicon_receiver/share/vicon_receiver/cmake/vicon_receiver__rosidl_typesupport_cExport.cmake
[0.392s] -- Up-to-date: /home/hsiutsu/ros2_ws/src/ros2_vicon_receiver/vicon_receiver/install/vicon_receiver/share/vicon_receiver/cmake/vicon_receiver__rosidl_typesupport_cExport-noconfig.cmake
[0.392s] -- Up-to-date: /home/hsiutsu/ros2_ws/src/ros2_vicon_receiver/vicon_receiver/install/vicon_receiver/share/vicon_receiver/cmake/vicon_receiver__rosidl_generator_cppExport.cmake
[0.392s] -- Up-to-date: /home/hsiutsu/ros2_ws/src/ros2_vicon_receiver/vicon_receiver/install/vicon_receiver/share/vicon_receiver/cmake/vicon_receiver__rosidl_typesupport_introspection_cppExport.cmake
[0.392s] -- Up-to-date: /home/hsiutsu/ros2_ws/src/ros2_vicon_receiver/vicon_receiver/install/vicon_receiver/share/vicon_receiver/cmake/vicon_receiver__rosidl_typesupport_introspection_cppExport-noconfig.cmake
[0.392s] -- Up-to-date: /home/hsiutsu/ros2_ws/src/ros2_vicon_receiver/vicon_receiver/install/vicon_receiver/share/vicon_receiver/cmake/vicon_receiver__rosidl_typesupport_cppExport.cmake
[0.392s] -- Up-to-date: /home/hsiutsu/ros2_ws/src/ros2_vicon_receiver/vicon_receiver/install/vicon_receiver/share/vicon_receiver/cmake/vicon_receiver__rosidl_typesupport_cppExport-noconfig.cmake
[0.395s] Invoked command in '/home/hsiutsu/ros2_ws/src/ros2_vicon_receiver/vicon_receiver/build/vicon_receiver' returned '0': CMAKE_PREFIX_PATH=${CMAKE_PREFIX_PATH}:/opt/ros/galactic /usr/bin/cmake --install /home/hsiutsu/ros2_ws/src/ros2_vicon_receiver/vicon_receiver/build/vicon_receiver
