[0.013s] Invoking command in '/home/hsiutsu/ros2_ws/src/ros2_vicon_receiver/vicon_receiver/build/vicon_receiver': CMAKE_PREFIX_PATH=${CMAKE_PREFIX_PATH}:/opt/ros/galactic /usr/bin/cmake --build /home/hsiutsu/ros2_ws/src/ros2_vicon_receiver/vicon_receiver/build/vicon_receiver -- -j8 -l8
[0.113s] -- Found ament_cmake: 1.1.5 (/opt/ros/galactic/share/ament_cmake/cmake)
[0.187s] -- Found PythonInterp: /usr/bin/python3 (found suitable version "3.8.10", minimum required is "3") 
[0.187s] -- Using PYTHON_EXECUTABLE: /usr/bin/python3
[0.293s] -- Override CMake install command with custom implementation using symlinks instead of copying resources
[0.387s] -- Found rosidl_default_generators: 1.1.1 (/opt/ros/galactic/share/rosidl_default_generators/cmake)
[0.399s] -- Using all available rosidl_typesupport_c: rosidl_typesupport_fastrtps_c;rosidl_typesupport_introspection_c
[0.411s] -- Found rosidl_adapter: 2.2.2 (/opt/ros/galactic/share/rosidl_adapter/cmake)
[0.934s] -- Using all available rosidl_typesupport_cpp: rosidl_typesupport_fastrtps_cpp;rosidl_typesupport_introspection_cpp
[1.092s] -- Found rclcpp: 9.2.1 (/opt/ros/galactic/share/rclcpp/cmake)
[1.412s] -- Found rmw_implementation_cmake: 3.3.1 (/opt/ros/galactic/share/rmw_implementation_cmake/cmake)
[1.428s] -- Found rmw_fastrtps_cpp: 5.0.2 (/opt/ros/galactic/share/rmw_fastrtps_cpp/cmake)
[1.543s] -- Using RMW implementation 'rmw_fastrtps_cpp' as default
[1.959s] -- Found PythonInterp: /usr/bin/python3 (found version "3.8.10") 
[2.199s] -- Found ament_cmake_ros: 0.9.2 (/opt/ros/galactic/share/ament_cmake_ros/cmake)
[2.357s] -- Using all available rosidl_typesupport_c: rosidl_typesupport_fastrtps_c;rosidl_typesupport_introspection_c
[2.413s] -- Using all available rosidl_typesupport_cpp: rosidl_typesupport_fastrtps_cpp;rosidl_typesupport_introspection_cpp
[2.453s] -- Found PythonInterp: /usr/bin/python3 (found suitable version "3.8.10", minimum required is "3.5") 
[2.454s] -- Found python_cmake_module: 0.8.1 (/opt/ros/galactic/share/python_cmake_module/cmake)
[2.516s] -- Using PYTHON_EXECUTABLE: /usr/bin/python3
[2.516s] -- Using PYTHON_INCLUDE_DIRS: /usr/include/python3.8
[2.516s] -- Using PYTHON_LIBRARIES: /usr/lib/x86_64-linux-gnu/libpython3.8.so
[2.650s] -- Configuring done
[2.662s] CMake Error at CMakeLists.txt:35 (add_executable):
[2.662s]   Cannot find source file:
[2.662s] 
[2.662s]     src/vicon_receiver/publisher.cpp
[2.662s] 
[2.662s]   Tried extensions .c .C .c++ .cc .cpp .cxx .cu .m .M .mm .h .hh .h++ .hm
[2.662s]   .hpp .hxx .in .txx
[2.662s] 
[2.662s] 
[2.663s] CMake Error at CMakeLists.txt:35 (add_executable):
[2.664s]   No SOURCES given to target: vicon_client
[2.664s] 
[2.664s] 
[2.664s] CMake Generate step failed.  Build files cannot be regenerated correctly.
[2.670s] make: *** [Makefile:822: cmake_check_build_system] Error 1
[2.672s] Invoked command in '/home/hsiutsu/ros2_ws/src/ros2_vicon_receiver/vicon_receiver/build/vicon_receiver' returned '2': CMAKE_PREFIX_PATH=${CMAKE_PREFIX_PATH}:/opt/ros/galactic /usr/bin/cmake --build /home/hsiutsu/ros2_ws/src/ros2_vicon_receiver/vicon_receiver/build/vicon_receiver -- -j8 -l8
