[0.012s] Invoking command in '/home/hsiutsu/ros2_ws/src/ros2_vicon_receiver/vicon_receiver/build/vicon_receiver': CMAKE_PREFIX_PATH=/opt/ros/galactic /usr/bin/cmake --build /home/hsiutsu/ros2_ws/src/ros2_vicon_receiver/vicon_receiver/build/vicon_receiver -- -j8 -l8
[0.064s] [  8%] Built target vicon_receiver__cpp
[0.064s] [ 11%] Built target vicon_receiver__rosidl_generator_c
[0.083s] [ 29%] Built target vicon_receiver__rosidl_typesupport_introspection_cpp
[0.083s] [ 29%] Built target vicon_receiver__rosidl_typesupport_cpp
[0.084s] [ 38%] Built target vicon_receiver__rosidl_typesupport_c
[0.088s] [ 47%] Built target vicon_receiver__rosidl_typesupport_introspection_c
[0.089s] [ 55%] Built target vicon_receiver__rosidl_typesupport_fastrtps_cpp
[0.111s] [ 64%] Built target vicon_receiver__rosidl_typesupport_fastrtps_c
[0.135s] [ 64%] Built target vicon_receiver
[0.153s] [ 67%] Built target vicon_receiver__py
[0.164s] [ 70%] [32m[1mLinking CXX executable vicon_client[0m
[0.175s] [ 76%] Built target vicon_receiver__python
[0.198s] [ 94%] Built target vicon_receiver__rosidl_typesupport_fastrtps_c__pyext
[0.199s] [ 94%] Built target vicon_receiver__rosidl_typesupport_c__pyext
[0.199s] [ 94%] Built target vicon_receiver__rosidl_typesupport_introspection_c__pyext
[0.260s] /usr/bin/ld: cannot find -lViconDataStreamSDK_CPP
[0.260s] collect2: error: ld returned 1 exit status
[0.261s] make[2]: *** [CMakeFiles/vicon_client.dir/build.make:158: vicon_client] Error 1
[0.261s] make[1]: *** [CMakeFiles/Makefile2:125: CMakeFiles/vicon_client.dir/all] Error 2
[0.262s] make: *** [Makefile:141: all] Error 2
[0.263s] Invoked command in '/home/hsiutsu/ros2_ws/src/ros2_vicon_receiver/vicon_receiver/build/vicon_receiver' returned '2': CMAKE_PREFIX_PATH=/opt/ros/galactic /usr/bin/cmake --build /home/hsiutsu/ros2_ws/src/ros2_vicon_receiver/vicon_receiver/build/vicon_receiver -- -j8 -l8
