-- Found ament_cmake: 1.1.5 (/opt/ros/galactic/share/ament_cmake/cmake)
-- Found PythonInterp: /usr/bin/python3 (found suitable version "3.8.10", minimum required is "3") 
-- Using PYTHON_EXECUTABLE: /usr/bin/python3
-- Override CMake install command with custom implementation using symlinks instead of copying resources
-- Found rosidl_default_generators: 1.1.1 (/opt/ros/galactic/share/rosidl_default_generators/cmake)
-- Using all available rosidl_typesupport_c: rosidl_typesupport_fastrtps_c;rosidl_typesupport_introspection_c
-- Found rosidl_adapter: 2.2.2 (/opt/ros/galactic/share/rosidl_adapter/cmake)
-- Using all available rosidl_typesupport_cpp: rosidl_typesupport_fastrtps_cpp;rosidl_typesupport_introspection_cpp
-- Found rclcpp: 9.2.1 (/opt/ros/galactic/share/rclcpp/cmake)
-- Found rmw_implementation_cmake: 3.3.1 (/opt/ros/galactic/share/rmw_implementation_cmake/cmake)
-- Found rmw_fastrtps_cpp: 5.0.2 (/opt/ros/galactic/share/rmw_fastrtps_cpp/cmake)
-- Using RMW implementation 'rmw_fastrtps_cpp' as default
-- Found PythonInterp: /usr/bin/python3 (found version "3.8.10") 
-- Found ament_cmake_ros: 0.9.2 (/opt/ros/galactic/share/ament_cmake_ros/cmake)
-- Using all available rosidl_typesupport_c: rosidl_typesupport_fastrtps_c;rosidl_typesupport_introspection_c
-- Using all available rosidl_typesupport_cpp: rosidl_typesupport_fastrtps_cpp;rosidl_typesupport_introspection_cpp
-- Found PythonInterp: /usr/bin/python3 (found suitable version "3.8.10", minimum required is "3.5") 
-- Found python_cmake_module: 0.8.1 (/opt/ros/galactic/share/python_cmake_module/cmake)
-- Using PYTHON_EXECUTABLE: /usr/bin/python3
-- Using PYTHON_INCLUDE_DIRS: /usr/include/python3.8
-- Using PYTHON_LIBRARIES: /usr/lib/x86_64-linux-gnu/libpython3.8.so
-- Configuring done
-- Generating done
-- Build files have been written to: /home/hsiutsu/ros2_ws/src/ros2_vicon_receiver/build/vicon_receiver
[ 11%] Built target vicon_receiver__rosidl_generator_c
[ 11%] Built target vicon_receiver__cpp
[ 38%] Built target vicon_receiver__rosidl_typesupport_c
[ 38%] Built target vicon_receiver__rosidl_typesupport_introspection_cpp
[ 38%] Built target vicon_receiver__rosidl_typesupport_introspection_c
[ 47%] Built target vicon_receiver__rosidl_typesupport_cpp
[ 55%] Built target vicon_receiver__rosidl_typesupport_fastrtps_cpp
[ 64%] Built target vicon_receiver__rosidl_typesupport_fastrtps_c
[ 64%] Built target vicon_receiver
[35m[1mScanning dependencies of target vicon_client[0m
[ 67%] Built target vicon_receiver__py
[ 73%] Built target vicon_receiver__python
[ 76%] [32mBuilding CXX object CMakeFiles/vicon_client.dir/src/communicator.cpp.o[0m
[ 79%] [32mBuilding CXX object CMakeFiles/vicon_client.dir/src/publisher.cpp.o[0m
[ 85%] Built target vicon_receiver__rosidl_typesupport_fastrtps_c__pyext
[ 91%] Built target vicon_receiver__rosidl_typesupport_introspection_c__pyext
[ 97%] Built target vicon_receiver__rosidl_typesupport_c__pyext
[01m[K/home/hsiutsu/ros2_ws/src/ros2_vicon_receiver/vicon_receiver/src/publisher.cpp:6:1:[m[K [01;31m[Kerror: [m[Kexpected unqualified-id before ‘[01m[Kpublic[m[K’
    6 | [01;31m[Kpublic[m[K:
      | [01;31m[K^~~~~~[m[K
make[2]: *** [CMakeFiles/vicon_client.dir/build.make:76: CMakeFiles/vicon_client.dir/src/publisher.cpp.o] Error 1
make[2]: *** Waiting for unfinished jobs....
make[1]: *** [CMakeFiles/Makefile2:125: CMakeFiles/vicon_client.dir/all] Error 2
make: *** [Makefile:141: all] Error 2
