[0.014s] Invoking command in '/home/hsiutsu/ros2_ws/src/ros2_vicon_receiver/build/vicon_receiver': CMAKE_PREFIX_PATH=${CMAKE_PREFIX_PATH}:/opt/ros/galactic /usr/bin/cmake /home/hsiutsu/ros2_ws/src/ros2_vicon_receiver/vicon_receiver -DCMAKE_INSTALL_PREFIX=/home/hsiutsu/ros2_ws/src/ros2_vicon_receiver/install/vicon_receiver
[0.032s] -- Found ament_cmake: 1.1.5 (/opt/ros/galactic/share/ament_cmake/cmake)
[0.057s] -- Found PythonInterp: /usr/bin/python3 (found suitable version "3.8.10", minimum required is "3") 
[0.058s] -- Using PYTHON_EXECUTABLE: /usr/bin/python3
[0.107s] -- Override CMake install command with custom implementation using symlinks instead of copying resources
[0.117s] -- Found rosidl_default_generators: 1.1.1 (/opt/ros/galactic/share/rosidl_default_generators/cmake)
[0.120s] -- Using all available rosidl_typesupport_c: rosidl_typesupport_fastrtps_c;rosidl_typesupport_introspection_c
[0.123s] -- Found rosidl_adapter: 2.2.2 (/opt/ros/galactic/share/rosidl_adapter/cmake)
[0.244s] -- Using all available rosidl_typesupport_cpp: rosidl_typesupport_fastrtps_cpp;rosidl_typesupport_introspection_cpp
[0.264s] -- Found rclcpp: 9.2.1 (/opt/ros/galactic/share/rclcpp/cmake)
[0.312s] -- Found rmw_implementation_cmake: 3.3.1 (/opt/ros/galactic/share/rmw_implementation_cmake/cmake)
[0.314s] -- Found rmw_fastrtps_cpp: 5.0.2 (/opt/ros/galactic/share/rmw_fastrtps_cpp/cmake)
[0.411s] -- Using RMW implementation 'rmw_fastrtps_cpp' as default
[0.560s] -- Found PythonInterp: /usr/bin/python3 (found version "3.8.10") 
[0.666s] -- Found ament_cmake_ros: 0.9.2 (/opt/ros/galactic/share/ament_cmake_ros/cmake)
[0.754s] -- Using all available rosidl_typesupport_c: rosidl_typesupport_fastrtps_c;rosidl_typesupport_introspection_c
[0.761s] -- Using all available rosidl_typesupport_cpp: rosidl_typesupport_fastrtps_cpp;rosidl_typesupport_introspection_cpp
[0.785s] -- Found PythonInterp: /usr/bin/python3 (found suitable version "3.8.10", minimum required is "3.5") 
[0.786s] -- Found python_cmake_module: 0.8.1 (/opt/ros/galactic/share/python_cmake_module/cmake)
[0.807s] -- Using PYTHON_EXECUTABLE: /usr/bin/python3
[0.808s] -- Using PYTHON_INCLUDE_DIRS: /usr/include/python3.8
[0.808s] -- Using PYTHON_LIBRARIES: /usr/lib/x86_64-linux-gnu/libpython3.8.so
[0.837s] -- Configuring done
[0.870s] -- Generating done
[0.874s] -- Build files have been written to: /home/hsiutsu/ros2_ws/src/ros2_vicon_receiver/build/vicon_receiver
[0.884s] Invoked command in '/home/hsiutsu/ros2_ws/src/ros2_vicon_receiver/build/vicon_receiver' returned '0': CMAKE_PREFIX_PATH=${CMAKE_PREFIX_PATH}:/opt/ros/galactic /usr/bin/cmake /home/hsiutsu/ros2_ws/src/ros2_vicon_receiver/vicon_receiver -DCMAKE_INSTALL_PREFIX=/home/hsiutsu/ros2_ws/src/ros2_vicon_receiver/install/vicon_receiver
[0.885s] Invoking command in '/home/hsiutsu/ros2_ws/src/ros2_vicon_receiver/build/vicon_receiver': CMAKE_PREFIX_PATH=${CMAKE_PREFIX_PATH}:/opt/ros/galactic /usr/bin/cmake --build /home/hsiutsu/ros2_ws/src/ros2_vicon_receiver/build/vicon_receiver -- -j8 -l8
[0.945s] [ 11%] Built target vicon_receiver__rosidl_generator_c
[0.945s] [ 11%] Built target vicon_receiver__cpp
[0.966s] [ 38%] Built target vicon_receiver__rosidl_typesupport_c
[0.966s] [ 38%] Built target vicon_receiver__rosidl_typesupport_introspection_cpp
[0.966s] [ 38%] Built target vicon_receiver__rosidl_typesupport_introspection_c
[0.986s] [ 47%] Built target vicon_receiver__rosidl_typesupport_cpp
[0.990s] [ 55%] Built target vicon_receiver__rosidl_typesupport_fastrtps_cpp
[1.015s] [ 64%] Built target vicon_receiver__rosidl_typesupport_fastrtps_c
[1.036s] [ 64%] Built target vicon_receiver
[1.050s] [35m[1mScanning dependencies of target vicon_client[0m
[1.059s] [ 67%] Built target vicon_receiver__py
[1.082s] [ 73%] Built target vicon_receiver__python
[1.101s] [ 76%] [32mBuilding CXX object CMakeFiles/vicon_client.dir/src/communicator.cpp.o[0m
[1.104s] [ 79%] [32mBuilding CXX object CMakeFiles/vicon_client.dir/src/publisher.cpp.o[0m
[1.110s] [ 85%] Built target vicon_receiver__rosidl_typesupport_fastrtps_c__pyext
[1.110s] [ 91%] Built target vicon_receiver__rosidl_typesupport_introspection_c__pyext
[1.111s] [ 97%] Built target vicon_receiver__rosidl_typesupport_c__pyext
[3.395s] [01m[K/home/hsiutsu/ros2_ws/src/ros2_vicon_receiver/vicon_receiver/src/publisher.cpp:6:1:[m[K [01;31m[Kerror: [m[Kexpected unqualified-id before ‘[01m[Kpublic[m[K’
[3.396s]     6 | [01;31m[Kpublic[m[K:
[3.396s]       | [01;31m[K^~~~~~[m[K
[3.899s] make[2]: *** [CMakeFiles/vicon_client.dir/build.make:76: CMakeFiles/vicon_client.dir/src/publisher.cpp.o] Error 1
[3.899s] make[2]: *** Waiting for unfinished jobs....
[5.590s] make[1]: *** [CMakeFiles/Makefile2:125: CMakeFiles/vicon_client.dir/all] Error 2
[5.590s] make: *** [Makefile:141: all] Error 2
[5.592s] Invoked command in '/home/hsiutsu/ros2_ws/src/ros2_vicon_receiver/build/vicon_receiver' returned '2': CMAKE_PREFIX_PATH=${CMAKE_PREFIX_PATH}:/opt/ros/galactic /usr/bin/cmake --build /home/hsiutsu/ros2_ws/src/ros2_vicon_receiver/build/vicon_receiver -- -j8 -l8
