[0.015s] Invoking command in '/home/hsiutsu/ros2_ws/src/ros2_vicon_receiver/vicon_receiver/build/vicon_receiver': CMAKE_PREFIX_PATH=${CMAKE_PREFIX_PATH}:/opt/ros/galactic /usr/bin/cmake --build /home/hsiutsu/ros2_ws/src/ros2_vicon_receiver/vicon_receiver/build/vicon_receiver -- -j8 -l8
[0.043s] -- Found ament_cmake: 1.1.5 (/opt/ros/galactic/share/ament_cmake/cmake)
[0.063s] -- Found PythonInterp: /usr/bin/python3 (found suitable version "3.8.10", minimum required is "3") 
[0.063s] -- Using PYTHON_EXECUTABLE: /usr/bin/python3
[0.114s] -- Override CMake install command with custom implementation using symlinks instead of copying resources
[0.126s] -- Found rosidl_default_generators: 1.1.1 (/opt/ros/galactic/share/rosidl_default_generators/cmake)
[0.128s] -- Using all available rosidl_typesupport_c: rosidl_typesupport_fastrtps_c;rosidl_typesupport_introspection_c
[0.131s] -- Found rosidl_adapter: 2.2.2 (/opt/ros/galactic/share/rosidl_adapter/cmake)
[0.253s] -- Using all available rosidl_typesupport_cpp: rosidl_typesupport_fastrtps_cpp;rosidl_typesupport_introspection_cpp
[0.273s] -- Found rclcpp: 9.2.1 (/opt/ros/galactic/share/rclcpp/cmake)
[0.321s] -- Found rmw_implementation_cmake: 3.3.1 (/opt/ros/galactic/share/rmw_implementation_cmake/cmake)
[0.323s] -- Found rmw_fastrtps_cpp: 5.0.2 (/opt/ros/galactic/share/rmw_fastrtps_cpp/cmake)
[0.419s] -- Using RMW implementation 'rmw_fastrtps_cpp' as default
[0.572s] -- Found PythonInterp: /usr/bin/python3 (found version "3.8.10") 
[0.680s] -- Found ament_cmake_ros: 0.9.2 (/opt/ros/galactic/share/ament_cmake_ros/cmake)
[0.770s] -- Using all available rosidl_typesupport_c: rosidl_typesupport_fastrtps_c;rosidl_typesupport_introspection_c
[0.777s] -- Using all available rosidl_typesupport_cpp: rosidl_typesupport_fastrtps_cpp;rosidl_typesupport_introspection_cpp
[0.798s] -- Found PythonInterp: /usr/bin/python3 (found suitable version "3.8.10", minimum required is "3.5") 
[0.798s] -- Found python_cmake_module: 0.8.1 (/opt/ros/galactic/share/python_cmake_module/cmake)
[0.820s] -- Using PYTHON_EXECUTABLE: /usr/bin/python3
[0.820s] -- Using PYTHON_INCLUDE_DIRS: /usr/include/python3.8
[0.820s] -- Using PYTHON_LIBRARIES: /usr/lib/x86_64-linux-gnu/libpython3.8.so
[0.850s] -- Configuring done
[0.954s] -- Generating done
[0.959s] -- Build files have been written to: /home/hsiutsu/ros2_ws/src/ros2_vicon_receiver/vicon_receiver/build/vicon_receiver
[0.997s] [  5%] Built target vicon_receiver__cpp
[0.997s] [ 11%] Built target vicon_receiver__rosidl_generator_c
[1.016s] [ 35%] Built target vicon_receiver__rosidl_typesupport_cpp
[1.017s] [ 38%] Built target vicon_receiver__rosidl_typesupport_c
[1.017s] [ 38%] Built target vicon_receiver__rosidl_typesupport_introspection_cpp
[1.019s] [ 47%] Built target vicon_receiver__rosidl_typesupport_fastrtps_cpp
[1.037s] [ 55%] Built target vicon_receiver__rosidl_typesupport_introspection_c
[1.042s] [ 64%] Built target vicon_receiver__rosidl_typesupport_fastrtps_c
[1.064s] [ 64%] Built target vicon_receiver
[1.075s] [35m[1mScanning dependencies of target vicon_client[0m
[1.084s] [ 67%] Built target vicon_receiver__py
[1.123s] [ 73%] Built target vicon_receiver__python
[1.137s] [ 76%] [32mBuilding CXX object CMakeFiles/vicon_client.dir/src/publisher.cpp.o[0m
[1.137s] [ 79%] [32mBuilding CXX object CMakeFiles/vicon_client.dir/src/communicator.cpp.o[0m
[1.153s] [ 85%] Built target vicon_receiver__rosidl_typesupport_fastrtps_c__pyext
[1.156s] [ 91%] Built target vicon_receiver__rosidl_typesupport_c__pyext
[1.160s] [ 97%] Built target vicon_receiver__rosidl_typesupport_introspection_c__pyext
[2.901s] [01m[K/home/hsiutsu/ros2_ws/src/ros2_vicon_receiver/vicon_receiver/src/publisher.cpp:3:39:[m[K [01;31m[Kerror: [m[Kexpected ‘[01m[K)[m[K’ before ‘[01m[Ktopic_name[m[K’
[2.901s]     3 | class Publisher::Publisher[34m[K([m[Kstd::string[01;31m[K [m[K[32m[Ktopic_name[m[K, rclcpp::Node* node)
[2.901s]       |                           [34m[K~[m[K           [01;31m[K^[m[K[32m[K~~~~~~~~~~[m[K
[2.901s]       |                                       [32m[K)[m[K
[3.376s] make[2]: *** [CMakeFiles/vicon_client.dir/build.make:76: CMakeFiles/vicon_client.dir/src/publisher.cpp.o] Error 1
[3.376s] make[2]: *** Waiting for unfinished jobs....
[3.937s] [01m[K/home/hsiutsu/ros2_ws/src/ros2_vicon_receiver/vicon_receiver/src/communicator.cpp:5:34:[m[K [01;31m[Kerror: [m[Kexpected unqualified-id before ‘[01m[K)[m[K’ token
[3.937s]     5 | class Communicator::Communicator([01;31m[K)[m[K : Node("vicon")
[3.937s]       |                                  [01;31m[K^[m[K
[4.937s] make[2]: *** [CMakeFiles/vicon_client.dir/build.make:63: CMakeFiles/vicon_client.dir/src/communicator.cpp.o] Error 1
[4.938s] make[1]: *** [CMakeFiles/Makefile2:125: CMakeFiles/vicon_client.dir/all] Error 2
[4.938s] make: *** [Makefile:141: all] Error 2
[4.940s] Invoked command in '/home/hsiutsu/ros2_ws/src/ros2_vicon_receiver/vicon_receiver/build/vicon_receiver' returned '2': CMAKE_PREFIX_PATH=${CMAKE_PREFIX_PATH}:/opt/ros/galactic /usr/bin/cmake --build /home/hsiutsu/ros2_ws/src/ros2_vicon_receiver/vicon_receiver/build/vicon_receiver -- -j8 -l8
