[0.130s] Invoking command in '/home/hsiutsu/ros2_ws/src/ros2_vicon_receiver/vicon_receiver/build/vicon_receiver': CMAKE_PREFIX_PATH=/opt/ros/galactic /usr/bin/cmake --build /home/hsiutsu/ros2_ws/src/ros2_vicon_receiver/vicon_receiver/build/vicon_receiver -- -j8 -l8
[0.791s] [  2%] Built target vicon_receiver__cpp
[0.799s] [ 11%] Built target vicon_receiver__rosidl_generator_c
[0.822s] [ 20%] Built target vicon_receiver__rosidl_typesupport_introspection_cpp
[0.822s] [ 29%] Built target vicon_receiver__rosidl_typesupport_cpp
[0.824s] [ 44%] Built target vicon_receiver__rosidl_typesupport_fastrtps_cpp
[0.824s] [ 47%] Built target vicon_receiver__rosidl_typesupport_introspection_c
[0.827s] [ 55%] Built target vicon_receiver__rosidl_typesupport_c
[0.853s] [ 64%] Built target vicon_receiver__rosidl_typesupport_fastrtps_c
[0.876s] [ 64%] Built target vicon_receiver
[0.904s] [ 67%] Built target vicon_receiver__py
[0.935s] [ 76%] Built target vicon_client
[0.976s] [ 82%] Built target vicon_receiver__python
[1.006s] [100%] Built target vicon_receiver__rosidl_typesupport_c__pyext
[1.007s] [100%] Built target vicon_receiver__rosidl_typesupport_introspection_c__pyext
[1.007s] [100%] Built target vicon_receiver__rosidl_typesupport_fastrtps_c__pyext
[1.016s] Invoked command in '/home/hsiutsu/ros2_ws/src/ros2_vicon_receiver/vicon_receiver/build/vicon_receiver' returned '0': CMAKE_PREFIX_PATH=/opt/ros/galactic /usr/bin/cmake --build /home/hsiutsu/ros2_ws/src/ros2_vicon_receiver/vicon_receiver/build/vicon_receiver -- -j8 -l8
[1.080s] Invoking command in '/home/hsiutsu/ros2_ws/src/ros2_vicon_receiver/vicon_receiver/build/vicon_receiver': CMAKE_PREFIX_PATH=/opt/ros/galactic /usr/bin/cmake --install /home/hsiutsu/ros2_ws/src/ros2_vicon_receiver/vicon_receiver/build/vicon_receiver
[1.089s] -- Install configuration: ""
[1.090s] -- Execute custom install script
[1.116s] -- Up-to-date symlink: /home/hsiutsu/ros2_ws/src/ros2_vicon_receiver/vicon_receiver/install/vicon_receiver/share/ament_index/resource_index/rosidl_interfaces/vicon_receiver
[1.118s] -- Up-to-date symlink: /home/hsiutsu/ros2_ws/src/ros2_vicon_receiver/vicon_receiver/install/vicon_receiver/include/vicon_receiver/msg/detail/position__functions.h
[1.119s] -- Up-to-date symlink: /home/hsiutsu/ros2_ws/src/ros2_vicon_receiver/vicon_receiver/install/vicon_receiver/include/vicon_receiver/msg/detail/position__struct.h
[1.119s] -- Up-to-date symlink: /home/hsiutsu/ros2_ws/src/ros2_vicon_receiver/vicon_receiver/install/vicon_receiver/include/vicon_receiver/msg/detail/position__type_support.h
[1.120s] -- Up-to-date symlink: /home/hsiutsu/ros2_ws/src/ros2_vicon_receiver/vicon_receiver/install/vicon_receiver/include/vicon_receiver/msg/position.h
[1.120s] -- Up-to-date symlink: /home/hsiutsu/ros2_ws/src/ros2_vicon_receiver/vicon_receiver/install/vicon_receiver/include/vicon_receiver/msg/rosidl_generator_c__visibility_control.h
[1.121s] -- Up-to-date symlink: /home/hsiutsu/ros2_ws/src/ros2_vicon_receiver/vicon_receiver/install/vicon_receiver/share/vicon_receiver/environment/library_path.sh
[1.122s] -- Up-to-date symlink: /home/hsiutsu/ros2_ws/src/ros2_vicon_receiver/vicon_receiver/install/vicon_receiver/share/vicon_receiver/environment/library_path.dsv
[1.123s] -- Up-to-date symlink: /home/hsiutsu/ros2_ws/src/ros2_vicon_receiver/vicon_receiver/install/vicon_receiver/include/vicon_receiver/msg/detail/position__rosidl_typesupport_fastrtps_c.h
[1.124s] -- Up-to-date symlink: /home/hsiutsu/ros2_ws/src/ros2_vicon_receiver/vicon_receiver/install/vicon_receiver/include/vicon_receiver/msg/rosidl_typesupport_fastrtps_c__visibility_control.h
[1.125s] -- Up-to-date symlink: /home/hsiutsu/ros2_ws/src/ros2_vicon_receiver/vicon_receiver/install/vicon_receiver/lib/libvicon_receiver__rosidl_typesupport_fastrtps_c.so
[1.126s] -- Up-to-date symlink: /home/hsiutsu/ros2_ws/src/ros2_vicon_receiver/vicon_receiver/install/vicon_receiver/include/vicon_receiver/msg/detail/position__rosidl_typesupport_fastrtps_cpp.hpp
[1.126s] -- Up-to-date symlink: /home/hsiutsu/ros2_ws/src/ros2_vicon_receiver/vicon_receiver/install/vicon_receiver/include/vicon_receiver/msg/rosidl_typesupport_fastrtps_cpp__visibility_control.h
[1.127s] -- Up-to-date symlink: /home/hsiutsu/ros2_ws/src/ros2_vicon_receiver/vicon_receiver/install/vicon_receiver/lib/libvicon_receiver__rosidl_typesupport_fastrtps_cpp.so
[1.128s] -- Up-to-date symlink: /home/hsiutsu/ros2_ws/src/ros2_vicon_receiver/vicon_receiver/install/vicon_receiver/include/vicon_receiver/msg/detail/position__rosidl_typesupport_introspection_c.h
[1.129s] -- Up-to-date symlink: /home/hsiutsu/ros2_ws/src/ros2_vicon_receiver/vicon_receiver/install/vicon_receiver/include/vicon_receiver/msg/rosidl_typesupport_introspection_c__visibility_control.h
[1.129s] -- Up-to-date symlink: /home/hsiutsu/ros2_ws/src/ros2_vicon_receiver/vicon_receiver/install/vicon_receiver/include/vicon_receiver/msg/detail/position__builder.hpp
[1.130s] -- Up-to-date symlink: /home/hsiutsu/ros2_ws/src/ros2_vicon_receiver/vicon_receiver/install/vicon_receiver/include/vicon_receiver/msg/detail/position__struct.hpp
[1.130s] -- Up-to-date symlink: /home/hsiutsu/ros2_ws/src/ros2_vicon_receiver/vicon_receiver/install/vicon_receiver/include/vicon_receiver/msg/detail/position__traits.hpp
[1.130s] -- Up-to-date symlink: /home/hsiutsu/ros2_ws/src/ros2_vicon_receiver/vicon_receiver/install/vicon_receiver/include/vicon_receiver/msg/position.hpp
[1.131s] -- Up-to-date symlink: /home/hsiutsu/ros2_ws/src/ros2_vicon_receiver/vicon_receiver/install/vicon_receiver/include/vicon_receiver/msg/detail/position__rosidl_typesupport_introspection_cpp.hpp
[1.132s] -- Up-to-date symlink: /home/hsiutsu/ros2_ws/src/ros2_vicon_receiver/vicon_receiver/install/vicon_receiver/share/vicon_receiver/environment/pythonpath.sh
[1.132s] -- Up-to-date symlink: /home/hsiutsu/ros2_ws/src/ros2_vicon_receiver/vicon_receiver/install/vicon_receiver/share/vicon_receiver/environment/pythonpath.dsv
[1.133s] -- Up-to-date symlink: /home/hsiutsu/ros2_ws/src/ros2_vicon_receiver/vicon_receiver/install/vicon_receiver/lib/python3.8/site-packages/vicon_receiver/__init__.py
[1.134s] -- Up-to-date symlink: /home/hsiutsu/ros2_ws/src/ros2_vicon_receiver/vicon_receiver/install/vicon_receiver/lib/python3.8/site-packages/vicon_receiver/msg/__init__.py
[1.134s] -- Up-to-date symlink: /home/hsiutsu/ros2_ws/src/ros2_vicon_receiver/vicon_receiver/install/vicon_receiver/lib/python3.8/site-packages/vicon_receiver/msg/_position.py
[1.135s] -- Up-to-date symlink: /home/hsiutsu/ros2_ws/src/ros2_vicon_receiver/vicon_receiver/install/vicon_receiver/lib/python3.8/site-packages/vicon_receiver/vicon_receiver_s__rosidl_typesupport_fastrtps_c.cpython-38-x86_64-linux-gnu.so
[1.136s] -- Up-to-date symlink: /home/hsiutsu/ros2_ws/src/ros2_vicon_receiver/vicon_receiver/install/vicon_receiver/lib/python3.8/site-packages/vicon_receiver/vicon_receiver_s__rosidl_typesupport_introspection_c.cpython-38-x86_64-linux-gnu.so
[1.136s] -- Up-to-date symlink: /home/hsiutsu/ros2_ws/src/ros2_vicon_receiver/vicon_receiver/install/vicon_receiver/lib/python3.8/site-packages/vicon_receiver/vicon_receiver_s__rosidl_typesupport_c.cpython-38-x86_64-linux-gnu.so
[1.137s] -- Up-to-date symlink: /home/hsiutsu/ros2_ws/src/ros2_vicon_receiver/vicon_receiver/install/vicon_receiver/lib/libvicon_receiver__python.so
[1.138s] -- Up-to-date symlink: /home/hsiutsu/ros2_ws/src/ros2_vicon_receiver/vicon_receiver/install/vicon_receiver/share/vicon_receiver/msg/Position.idl
[1.138s] -- Up-to-date symlink: /home/hsiutsu/ros2_ws/src/ros2_vicon_receiver/vicon_receiver/install/vicon_receiver/share/vicon_receiver/msg/Position.msg
[1.139s] -- Up-to-date symlink: /home/hsiutsu/ros2_ws/src/ros2_vicon_receiver/vicon_receiver/install/vicon_receiver/lib/vicon_receiver/vicon_client
[1.140s] -- Up-to-date symlink: /home/hsiutsu/ros2_ws/src/ros2_vicon_receiver/vicon_receiver/install/vicon_receiver/share/vicon_receiver//launch/client.launch.py
[1.141s] -- Up-to-date symlink: /home/hsiutsu/ros2_ws/src/ros2_vicon_receiver/vicon_receiver/install/vicon_receiver/share/ament_index/resource_index/package_run_dependencies/vicon_receiver
[1.141s] -- Up-to-date symlink: /home/hsiutsu/ros2_ws/src/ros2_vicon_receiver/vicon_receiver/install/vicon_receiver/share/ament_index/resource_index/parent_prefix_path/vicon_receiver
[1.142s] -- Up-to-date symlink: /home/hsiutsu/ros2_ws/src/ros2_vicon_receiver/vicon_receiver/install/vicon_receiver/share/vicon_receiver/environment/ament_prefix_path.sh
[1.142s] -- Up-to-date symlink: /home/hsiutsu/ros2_ws/src/ros2_vicon_receiver/vicon_receiver/install/vicon_receiver/share/vicon_receiver/environment/ament_prefix_path.dsv
[1.143s] -- Up-to-date symlink: /home/hsiutsu/ros2_ws/src/ros2_vicon_receiver/vicon_receiver/install/vicon_receiver/share/vicon_receiver/environment/path.sh
[1.143s] -- Up-to-date symlink: /home/hsiutsu/ros2_ws/src/ros2_vicon_receiver/vicon_receiver/install/vicon_receiver/share/vicon_receiver/environment/path.dsv
[1.144s] -- Up-to-date symlink: /home/hsiutsu/ros2_ws/src/ros2_vicon_receiver/vicon_receiver/install/vicon_receiver/share/vicon_receiver/local_setup.bash
[1.144s] -- Up-to-date symlink: /home/hsiutsu/ros2_ws/src/ros2_vicon_receiver/vicon_receiver/install/vicon_receiver/share/vicon_receiver/local_setup.sh
[1.145s] -- Up-to-date symlink: /home/hsiutsu/ros2_ws/src/ros2_vicon_receiver/vicon_receiver/install/vicon_receiver/share/vicon_receiver/local_setup.zsh
[1.145s] -- Up-to-date symlink: /home/hsiutsu/ros2_ws/src/ros2_vicon_receiver/vicon_receiver/install/vicon_receiver/share/vicon_receiver/local_setup.dsv
[1.145s] -- Symlinking: /home/hsiutsu/ros2_ws/src/ros2_vicon_receiver/vicon_receiver/install/vicon_receiver/share/vicon_receiver/package.dsv
[1.157s] -- Up-to-date symlink: /home/hsiutsu/ros2_ws/src/ros2_vicon_receiver/vicon_receiver/install/vicon_receiver/share/ament_index/resource_index/packages/vicon_receiver
[1.158s] -- Up-to-date symlink: /home/hsiutsu/ros2_ws/src/ros2_vicon_receiver/vicon_receiver/install/vicon_receiver/share/vicon_receiver/cmake/rosidl_cmake-extras.cmake
[1.158s] -- Up-to-date symlink: /home/hsiutsu/ros2_ws/src/ros2_vicon_receiver/vicon_receiver/install/vicon_receiver/share/vicon_receiver/cmake/ament_cmake_export_dependencies-extras.cmake
[1.159s] -- Up-to-date symlink: /home/hsiutsu/ros2_ws/src/ros2_vicon_receiver/vicon_receiver/install/vicon_receiver/share/vicon_receiver/cmake/ament_cmake_export_libraries-extras.cmake
[1.159s] -- Up-to-date symlink: /home/hsiutsu/ros2_ws/src/ros2_vicon_receiver/vicon_receiver/install/vicon_receiver/share/vicon_receiver/cmake/ament_cmake_export_targets-extras.cmake
[1.159s] -- Up-to-date symlink: /home/hsiutsu/ros2_ws/src/ros2_vicon_receiver/vicon_receiver/install/vicon_receiver/share/vicon_receiver/cmake/ament_cmake_export_include_directories-extras.cmake
[1.160s] -- Up-to-date symlink: /home/hsiutsu/ros2_ws/src/ros2_vicon_receiver/vicon_receiver/install/vicon_receiver/share/vicon_receiver/cmake/rosidl_cmake_export_typesupport_libraries-extras.cmake
[1.160s] -- Up-to-date symlink: /home/hsiutsu/ros2_ws/src/ros2_vicon_receiver/vicon_receiver/install/vicon_receiver/share/vicon_receiver/cmake/rosidl_cmake_export_typesupport_targets-extras.cmake
[1.161s] -- Up-to-date symlink: /home/hsiutsu/ros2_ws/src/ros2_vicon_receiver/vicon_receiver/install/vicon_receiver/share/vicon_receiver/cmake/vicon_receiverConfig.cmake
[1.161s] -- Up-to-date symlink: /home/hsiutsu/ros2_ws/src/ros2_vicon_receiver/vicon_receiver/install/vicon_receiver/share/vicon_receiver/cmake/vicon_receiverConfig-version.cmake
[1.162s] -- Up-to-date symlink: /home/hsiutsu/ros2_ws/src/ros2_vicon_receiver/vicon_receiver/install/vicon_receiver/share/vicon_receiver/package.xml
[1.166s] -- Up-to-date: /home/hsiutsu/ros2_ws/src/ros2_vicon_receiver/vicon_receiver/install/vicon_receiver/lib/libvicon_receiver__rosidl_generator_c.so
[1.166s] -- Up-to-date: /home/hsiutsu/ros2_ws/src/ros2_vicon_receiver/vicon_receiver/install/vicon_receiver/lib/libvicon_receiver__rosidl_typesupport_introspection_c.so
[1.167s] -- Up-to-date: /home/hsiutsu/ros2_ws/src/ros2_vicon_receiver/vicon_receiver/install/vicon_receiver/lib/libvicon_receiver__rosidl_typesupport_c.so
[1.168s] -- Up-to-date: /home/hsiutsu/ros2_ws/src/ros2_vicon_receiver/vicon_receiver/install/vicon_receiver/lib/libvicon_receiver__rosidl_typesupport_introspection_cpp.so
[1.169s] -- Up-to-date: /home/hsiutsu/ros2_ws/src/ros2_vicon_receiver/vicon_receiver/install/vicon_receiver/lib/libvicon_receiver__rosidl_typesupport_cpp.so
[1.227s] -- Up-to-date: /home/hsiutsu/ros2_ws/src/ros2_vicon_receiver/vicon_receiver/install/vicon_receiver/share/vicon_receiver/cmake/vicon_receiver__rosidl_generator_cExport.cmake
[1.228s] -- Up-to-date: /home/hsiutsu/ros2_ws/src/ros2_vicon_receiver/vicon_receiver/install/vicon_receiver/share/vicon_receiver/cmake/vicon_receiver__rosidl_generator_cExport-noconfig.cmake
[1.229s] -- Up-to-date: /home/hsiutsu/ros2_ws/src/ros2_vicon_receiver/vicon_receiver/install/vicon_receiver/share/vicon_receiver/cmake/vicon_receiver__rosidl_typesupport_introspection_cExport.cmake
[1.229s] -- Up-to-date: /home/hsiutsu/ros2_ws/src/ros2_vicon_receiver/vicon_receiver/install/vicon_receiver/share/vicon_receiver/cmake/vicon_receiver__rosidl_typesupport_introspection_cExport-noconfig.cmake
[1.230s] -- Up-to-date: /home/hsiutsu/ros2_ws/src/ros2_vicon_receiver/vicon_receiver/install/vicon_receiver/share/vicon_receiver/cmake/vicon_receiver__rosidl_typesupport_cExport.cmake
[1.231s] -- Up-to-date: /home/hsiutsu/ros2_ws/src/ros2_vicon_receiver/vicon_receiver/install/vicon_receiver/share/vicon_receiver/cmake/vicon_receiver__rosidl_typesupport_cExport-noconfig.cmake
[1.232s] -- Up-to-date: /home/hsiutsu/ros2_ws/src/ros2_vicon_receiver/vicon_receiver/install/vicon_receiver/share/vicon_receiver/cmake/vicon_receiver__rosidl_generator_cppExport.cmake
[1.233s] -- Up-to-date: /home/hsiutsu/ros2_ws/src/ros2_vicon_receiver/vicon_receiver/install/vicon_receiver/share/vicon_receiver/cmake/vicon_receiver__rosidl_typesupport_introspection_cppExport.cmake
[1.233s] -- Up-to-date: /home/hsiutsu/ros2_ws/src/ros2_vicon_receiver/vicon_receiver/install/vicon_receiver/share/vicon_receiver/cmake/vicon_receiver__rosidl_typesupport_introspection_cppExport-noconfig.cmake
[1.234s] -- Up-to-date: /home/hsiutsu/ros2_ws/src/ros2_vicon_receiver/vicon_receiver/install/vicon_receiver/share/vicon_receiver/cmake/vicon_receiver__rosidl_typesupport_cppExport.cmake
[1.234s] -- Up-to-date: /home/hsiutsu/ros2_ws/src/ros2_vicon_receiver/vicon_receiver/install/vicon_receiver/share/vicon_receiver/cmake/vicon_receiver__rosidl_typesupport_cppExport-noconfig.cmake
[1.238s] Invoked command in '/home/hsiutsu/ros2_ws/src/ros2_vicon_receiver/vicon_receiver/build/vicon_receiver' returned '0': CMAKE_PREFIX_PATH=/opt/ros/galactic /usr/bin/cmake --install /home/hsiutsu/ros2_ws/src/ros2_vicon_receiver/vicon_receiver/build/vicon_receiver
