[  8%] Built target vicon_receiver__cpp
[ 11%] Built target vicon_receiver__rosidl_generator_c
[ 29%] Built target vicon_receiver__rosidl_typesupport_c
[ 29%] Built target vicon_receiver__rosidl_typesupport_introspection_cpp
[ 38%] Built target vicon_receiver__rosidl_typesupport_introspection_c
[ 47%] Built target vicon_receiver__rosidl_typesupport_cpp
[ 55%] Built target vicon_receiver__rosidl_typesupport_fastrtps_cpp
[ 64%] Built target vicon_receiver__rosidl_typesupport_fastrtps_c
[ 64%] Built target vicon_receiver
[35m[1mScanning dependencies of target vicon_client[0m
[ 67%] Built target vicon_receiver__py
[ 73%] [32mBuilding CXX object CMakeFiles/vicon_client.dir/src/publisher.cpp.o[0m
[ 73%] [32mBuilding CXX object CMakeFiles/vicon_client.dir/src/communicator.cpp.o[0m
[01m[K/home/hsiutsu/ros2_ws/src/ros2_vicon_receiver/vicon_receiver/src/communicator.cpp:1:10:[m[K [01;31m[Kfatal error: [m[Kcommunicator.hpp: No such file or directory
    1 | #include [01;31m[K"communicator.hpp"[m[K
      |          [01;31m[K^~~~~~~~~~~~~~~~~~[m[K
[01m[K/home/hsiutsu/ros2_ws/src/ros2_vicon_receiver/vicon_receiver/src/publisher.cpp:1:10:[m[K [01;31m[Kfatal error: [m[Kpublisher.hpp: No such file or directory
    1 | #include [01;31m[K"publisher.hpp"[m[K
      |          [01;31m[K^~~~~~~~~~~~~~~[m[K
compilation terminated.
compilation terminated.
make[2]: *** [CMakeFiles/vicon_client.dir/build.make:76: CMakeFiles/vicon_client.dir/src/publisher.cpp.o] Error 1
make[2]: *** Waiting for unfinished jobs....
make[2]: *** [CMakeFiles/vicon_client.dir/build.make:63: CMakeFiles/vicon_client.dir/src/communicator.cpp.o] Error 1
make[1]: *** [CMakeFiles/Makefile2:125: CMakeFiles/vicon_client.dir/all] Error 2
make[1]: *** Waiting for unfinished jobs....
[ 79%] Built target vicon_receiver__python
make: *** [Makefile:141: all] Error 2
