[0.013s] Invoking command in '/home/hsiutsu/ros2_ws/src/ros2_vicon_receiver/vicon_receiver/build/vicon_receiver': CMAKE_PREFIX_PATH=/opt/ros/galactic /usr/bin/cmake --build /home/hsiutsu/ros2_ws/src/ros2_vicon_receiver/vicon_receiver/build/vicon_receiver -- -j8 -l8
[0.065s] [  2%] Built target vicon_receiver__cpp
[0.065s] [ 11%] Built target vicon_receiver__rosidl_generator_c
[0.084s] [ 29%] Built target vicon_receiver__rosidl_typesupport_cpp
[0.084s] [ 29%] Built target vicon_receiver__rosidl_typesupport_introspection_cpp
[0.087s] [ 38%] Built target vicon_receiver__rosidl_typesupport_fastrtps_cpp
[0.103s] [ 55%] Built target vicon_receiver__rosidl_typesupport_c
[0.103s] [ 55%] Built target vicon_receiver__rosidl_typesupport_introspection_c
[0.108s] [ 64%] Built target vicon_receiver__rosidl_typesupport_fastrtps_c
[0.129s] [ 64%] Built target vicon_receiver
[0.147s] [ 67%] Built target vicon_receiver__py
[0.157s] [ 70%] [32m[1mLinking CXX executable vicon_client[0m
[0.170s] [ 76%] Built target vicon_receiver__python
[0.194s] [ 94%] Built target vicon_receiver__rosidl_typesupport_introspection_c__pyext
[0.194s] [ 94%] Built target vicon_receiver__rosidl_typesupport_fastrtps_c__pyext
[0.194s] [ 94%] Built target vicon_receiver__rosidl_typesupport_c__pyext
[0.378s] [100%] Built target vicon_client
[0.389s] Invoked command in '/home/hsiutsu/ros2_ws/src/ros2_vicon_receiver/vicon_receiver/build/vicon_receiver' returned '0': CMAKE_PREFIX_PATH=/opt/ros/galactic /usr/bin/cmake --build /home/hsiutsu/ros2_ws/src/ros2_vicon_receiver/vicon_receiver/build/vicon_receiver -- -j8 -l8
[0.453s] Invoking command in '/home/hsiutsu/ros2_ws/src/ros2_vicon_receiver/vicon_receiver/build/vicon_receiver': CMAKE_PREFIX_PATH=/opt/ros/galactic /usr/bin/cmake --install /home/hsiutsu/ros2_ws/src/ros2_vicon_receiver/vicon_receiver/build/vicon_receiver
[0.464s] -- Install configuration: ""
[0.464s] -- Execute custom install script
[0.465s] -- Symlinking: /home/hsiutsu/ros2_ws/src/ros2_vicon_receiver/vicon_receiver/install/vicon_receiver/share/ament_index/resource_index/rosidl_interfaces/vicon_receiver
[0.473s] -- Symlinking: /home/hsiutsu/ros2_ws/src/ros2_vicon_receiver/vicon_receiver/install/vicon_receiver/include/vicon_receiver/msg/detail/position__functions.h
[0.482s] -- Symlinking: /home/hsiutsu/ros2_ws/src/ros2_vicon_receiver/vicon_receiver/install/vicon_receiver/include/vicon_receiver/msg/detail/position__struct.h
[0.489s] -- Symlinking: /home/hsiutsu/ros2_ws/src/ros2_vicon_receiver/vicon_receiver/install/vicon_receiver/include/vicon_receiver/msg/detail/position__type_support.h
[0.497s] -- Symlinking: /home/hsiutsu/ros2_ws/src/ros2_vicon_receiver/vicon_receiver/install/vicon_receiver/include/vicon_receiver/msg/position.h
[0.504s] -- Symlinking: /home/hsiutsu/ros2_ws/src/ros2_vicon_receiver/vicon_receiver/install/vicon_receiver/include/vicon_receiver/msg/rosidl_generator_c__visibility_control.h
[0.515s] -- Symlinking: /home/hsiutsu/ros2_ws/src/ros2_vicon_receiver/vicon_receiver/install/vicon_receiver/share/vicon_receiver/environment/library_path.sh
[0.523s] -- Symlinking: /home/hsiutsu/ros2_ws/src/ros2_vicon_receiver/vicon_receiver/install/vicon_receiver/share/vicon_receiver/environment/library_path.dsv
[0.531s] -- Symlinking: /home/hsiutsu/ros2_ws/src/ros2_vicon_receiver/vicon_receiver/install/vicon_receiver/include/vicon_receiver/msg/detail/position__rosidl_typesupport_fastrtps_c.h
[0.539s] -- Symlinking: /home/hsiutsu/ros2_ws/src/ros2_vicon_receiver/vicon_receiver/install/vicon_receiver/include/vicon_receiver/msg/rosidl_typesupport_fastrtps_c__visibility_control.h
[0.547s] -- Symlinking: /home/hsiutsu/ros2_ws/src/ros2_vicon_receiver/vicon_receiver/install/vicon_receiver/lib/libvicon_receiver__rosidl_typesupport_fastrtps_c.so
[0.555s] -- Symlinking: /home/hsiutsu/ros2_ws/src/ros2_vicon_receiver/vicon_receiver/install/vicon_receiver/include/vicon_receiver/msg/detail/position__rosidl_typesupport_fastrtps_cpp.hpp
[0.563s] -- Symlinking: /home/hsiutsu/ros2_ws/src/ros2_vicon_receiver/vicon_receiver/install/vicon_receiver/include/vicon_receiver/msg/rosidl_typesupport_fastrtps_cpp__visibility_control.h
[0.570s] -- Symlinking: /home/hsiutsu/ros2_ws/src/ros2_vicon_receiver/vicon_receiver/install/vicon_receiver/lib/libvicon_receiver__rosidl_typesupport_fastrtps_cpp.so
[0.578s] -- Symlinking: /home/hsiutsu/ros2_ws/src/ros2_vicon_receiver/vicon_receiver/install/vicon_receiver/include/vicon_receiver/msg/detail/position__rosidl_typesupport_introspection_c.h
[0.586s] -- Symlinking: /home/hsiutsu/ros2_ws/src/ros2_vicon_receiver/vicon_receiver/install/vicon_receiver/include/vicon_receiver/msg/rosidl_typesupport_introspection_c__visibility_control.h
[0.594s] -- Symlinking: /home/hsiutsu/ros2_ws/src/ros2_vicon_receiver/vicon_receiver/install/vicon_receiver/include/vicon_receiver/msg/detail/position__builder.hpp
[0.602s] -- Symlinking: /home/hsiutsu/ros2_ws/src/ros2_vicon_receiver/vicon_receiver/install/vicon_receiver/include/vicon_receiver/msg/detail/position__struct.hpp
[0.611s] -- Symlinking: /home/hsiutsu/ros2_ws/src/ros2_vicon_receiver/vicon_receiver/install/vicon_receiver/include/vicon_receiver/msg/detail/position__traits.hpp
[0.618s] -- Symlinking: /home/hsiutsu/ros2_ws/src/ros2_vicon_receiver/vicon_receiver/install/vicon_receiver/include/vicon_receiver/msg/position.hpp
[0.629s] -- Symlinking: /home/hsiutsu/ros2_ws/src/ros2_vicon_receiver/vicon_receiver/install/vicon_receiver/include/vicon_receiver/msg/detail/position__rosidl_typesupport_introspection_cpp.hpp
[0.637s] -- Symlinking: /home/hsiutsu/ros2_ws/src/ros2_vicon_receiver/vicon_receiver/install/vicon_receiver/share/vicon_receiver/environment/pythonpath.sh
[0.645s] -- Symlinking: /home/hsiutsu/ros2_ws/src/ros2_vicon_receiver/vicon_receiver/install/vicon_receiver/share/vicon_receiver/environment/pythonpath.dsv
[0.653s] -- Symlinking: /home/hsiutsu/ros2_ws/src/ros2_vicon_receiver/vicon_receiver/install/vicon_receiver/lib/python3.8/site-packages/vicon_receiver/__init__.py
[0.660s] -- Symlinking: /home/hsiutsu/ros2_ws/src/ros2_vicon_receiver/vicon_receiver/install/vicon_receiver/lib/python3.8/site-packages/vicon_receiver/msg/__init__.py
[0.668s] -- Symlinking: /home/hsiutsu/ros2_ws/src/ros2_vicon_receiver/vicon_receiver/install/vicon_receiver/lib/python3.8/site-packages/vicon_receiver/msg/_position.py
[0.675s] -- Symlinking: /home/hsiutsu/ros2_ws/src/ros2_vicon_receiver/vicon_receiver/install/vicon_receiver/lib/python3.8/site-packages/vicon_receiver/vicon_receiver_s__rosidl_typesupport_fastrtps_c.cpython-38-x86_64-linux-gnu.so
[0.683s] -- Symlinking: /home/hsiutsu/ros2_ws/src/ros2_vicon_receiver/vicon_receiver/install/vicon_receiver/lib/python3.8/site-packages/vicon_receiver/vicon_receiver_s__rosidl_typesupport_introspection_c.cpython-38-x86_64-linux-gnu.so
[0.691s] -- Symlinking: /home/hsiutsu/ros2_ws/src/ros2_vicon_receiver/vicon_receiver/install/vicon_receiver/lib/python3.8/site-packages/vicon_receiver/vicon_receiver_s__rosidl_typesupport_c.cpython-38-x86_64-linux-gnu.so
[0.699s] -- Symlinking: /home/hsiutsu/ros2_ws/src/ros2_vicon_receiver/vicon_receiver/install/vicon_receiver/lib/libvicon_receiver__python.so
[0.707s] -- Symlinking: /home/hsiutsu/ros2_ws/src/ros2_vicon_receiver/vicon_receiver/install/vicon_receiver/share/vicon_receiver/msg/Position.idl
[0.715s] -- Symlinking: /home/hsiutsu/ros2_ws/src/ros2_vicon_receiver/vicon_receiver/install/vicon_receiver/share/vicon_receiver/msg/Position.msg
[0.723s] -- Symlinking: /home/hsiutsu/ros2_ws/src/ros2_vicon_receiver/vicon_receiver/install/vicon_receiver/lib/vicon_receiver/vicon_client
[0.732s] -- Symlinking: /home/hsiutsu/ros2_ws/src/ros2_vicon_receiver/vicon_receiver/install/vicon_receiver/share/vicon_receiver//launch/client.launch.py
[0.742s] -- Symlinking: /home/hsiutsu/ros2_ws/src/ros2_vicon_receiver/vicon_receiver/install/vicon_receiver/share/ament_index/resource_index/package_run_dependencies/vicon_receiver
[0.751s] -- Symlinking: /home/hsiutsu/ros2_ws/src/ros2_vicon_receiver/vicon_receiver/install/vicon_receiver/share/ament_index/resource_index/parent_prefix_path/vicon_receiver
[0.759s] -- Symlinking: /home/hsiutsu/ros2_ws/src/ros2_vicon_receiver/vicon_receiver/install/vicon_receiver/share/vicon_receiver/environment/ament_prefix_path.sh
[0.767s] -- Symlinking: /home/hsiutsu/ros2_ws/src/ros2_vicon_receiver/vicon_receiver/install/vicon_receiver/share/vicon_receiver/environment/ament_prefix_path.dsv
[0.780s] -- Symlinking: /home/hsiutsu/ros2_ws/src/ros2_vicon_receiver/vicon_receiver/install/vicon_receiver/share/vicon_receiver/environment/path.sh
[0.789s] -- Symlinking: /home/hsiutsu/ros2_ws/src/ros2_vicon_receiver/vicon_receiver/install/vicon_receiver/share/vicon_receiver/environment/path.dsv
[0.800s] -- Symlinking: /home/hsiutsu/ros2_ws/src/ros2_vicon_receiver/vicon_receiver/install/vicon_receiver/share/vicon_receiver/local_setup.bash
[0.809s] -- Symlinking: /home/hsiutsu/ros2_ws/src/ros2_vicon_receiver/vicon_receiver/install/vicon_receiver/share/vicon_receiver/local_setup.sh
[0.816s] -- Symlinking: /home/hsiutsu/ros2_ws/src/ros2_vicon_receiver/vicon_receiver/install/vicon_receiver/share/vicon_receiver/local_setup.zsh
[0.824s] -- Symlinking: /home/hsiutsu/ros2_ws/src/ros2_vicon_receiver/vicon_receiver/install/vicon_receiver/share/vicon_receiver/local_setup.dsv
[0.832s] -- Symlinking: /home/hsiutsu/ros2_ws/src/ros2_vicon_receiver/vicon_receiver/install/vicon_receiver/share/vicon_receiver/package.dsv
[0.839s] -- Symlinking: /home/hsiutsu/ros2_ws/src/ros2_vicon_receiver/vicon_receiver/install/vicon_receiver/share/ament_index/resource_index/packages/vicon_receiver
[0.847s] -- Symlinking: /home/hsiutsu/ros2_ws/src/ros2_vicon_receiver/vicon_receiver/install/vicon_receiver/share/vicon_receiver/cmake/rosidl_cmake-extras.cmake
[0.855s] -- Symlinking: /home/hsiutsu/ros2_ws/src/ros2_vicon_receiver/vicon_receiver/install/vicon_receiver/share/vicon_receiver/cmake/ament_cmake_export_dependencies-extras.cmake
[0.863s] -- Symlinking: /home/hsiutsu/ros2_ws/src/ros2_vicon_receiver/vicon_receiver/install/vicon_receiver/share/vicon_receiver/cmake/ament_cmake_export_libraries-extras.cmake
[0.871s] -- Symlinking: /home/hsiutsu/ros2_ws/src/ros2_vicon_receiver/vicon_receiver/install/vicon_receiver/share/vicon_receiver/cmake/ament_cmake_export_targets-extras.cmake
[0.879s] -- Symlinking: /home/hsiutsu/ros2_ws/src/ros2_vicon_receiver/vicon_receiver/install/vicon_receiver/share/vicon_receiver/cmake/ament_cmake_export_include_directories-extras.cmake
[0.891s] -- Symlinking: /home/hsiutsu/ros2_ws/src/ros2_vicon_receiver/vicon_receiver/install/vicon_receiver/share/vicon_receiver/cmake/rosidl_cmake_export_typesupport_libraries-extras.cmake
[0.898s] -- Symlinking: /home/hsiutsu/ros2_ws/src/ros2_vicon_receiver/vicon_receiver/install/vicon_receiver/share/vicon_receiver/cmake/rosidl_cmake_export_typesupport_targets-extras.cmake
[0.909s] -- Symlinking: /home/hsiutsu/ros2_ws/src/ros2_vicon_receiver/vicon_receiver/install/vicon_receiver/share/vicon_receiver/cmake/vicon_receiverConfig.cmake
[0.916s] -- Symlinking: /home/hsiutsu/ros2_ws/src/ros2_vicon_receiver/vicon_receiver/install/vicon_receiver/share/vicon_receiver/cmake/vicon_receiverConfig-version.cmake
[0.923s] -- Symlinking: /home/hsiutsu/ros2_ws/src/ros2_vicon_receiver/vicon_receiver/install/vicon_receiver/share/vicon_receiver/package.xml
[0.931s] -- Installing: /home/hsiutsu/ros2_ws/src/ros2_vicon_receiver/vicon_receiver/install/vicon_receiver/lib/libvicon_receiver__rosidl_generator_c.so
[0.932s] -- Set runtime path of "/home/hsiutsu/ros2_ws/src/ros2_vicon_receiver/vicon_receiver/install/vicon_receiver/lib/libvicon_receiver__rosidl_generator_c.so" to ""
[0.932s] -- Installing: /home/hsiutsu/ros2_ws/src/ros2_vicon_receiver/vicon_receiver/install/vicon_receiver/lib/libvicon_receiver__rosidl_typesupport_introspection_c.so
[0.932s] -- Set runtime path of "/home/hsiutsu/ros2_ws/src/ros2_vicon_receiver/vicon_receiver/install/vicon_receiver/lib/libvicon_receiver__rosidl_typesupport_introspection_c.so" to ""
[0.932s] -- Installing: /home/hsiutsu/ros2_ws/src/ros2_vicon_receiver/vicon_receiver/install/vicon_receiver/lib/libvicon_receiver__rosidl_typesupport_c.so
[0.932s] -- Set runtime path of "/home/hsiutsu/ros2_ws/src/ros2_vicon_receiver/vicon_receiver/install/vicon_receiver/lib/libvicon_receiver__rosidl_typesupport_c.so" to ""
[0.933s] -- Installing: /home/hsiutsu/ros2_ws/src/ros2_vicon_receiver/vicon_receiver/install/vicon_receiver/lib/libvicon_receiver__rosidl_typesupport_introspection_cpp.so
[0.933s] -- Set runtime path of "/home/hsiutsu/ros2_ws/src/ros2_vicon_receiver/vicon_receiver/install/vicon_receiver/lib/libvicon_receiver__rosidl_typesupport_introspection_cpp.so" to ""
[0.933s] -- Installing: /home/hsiutsu/ros2_ws/src/ros2_vicon_receiver/vicon_receiver/install/vicon_receiver/lib/libvicon_receiver__rosidl_typesupport_cpp.so
[0.933s] -- Set runtime path of "/home/hsiutsu/ros2_ws/src/ros2_vicon_receiver/vicon_receiver/install/vicon_receiver/lib/libvicon_receiver__rosidl_typesupport_cpp.so" to ""
[0.977s] Compiling '/home/hsiutsu/ros2_ws/src/ros2_vicon_receiver/vicon_receiver/install/vicon_receiver/lib/python3.8/site-packages/vicon_receiver/__init__.py'...
[0.980s] -- Installing: /home/hsiutsu/ros2_ws/src/ros2_vicon_receiver/vicon_receiver/install/vicon_receiver/share/vicon_receiver/cmake/vicon_receiver__rosidl_generator_cExport.cmake
[0.980s] -- Installing: /home/hsiutsu/ros2_ws/src/ros2_vicon_receiver/vicon_receiver/install/vicon_receiver/share/vicon_receiver/cmake/vicon_receiver__rosidl_generator_cExport-noconfig.cmake
[0.980s] -- Installing: /home/hsiutsu/ros2_ws/src/ros2_vicon_receiver/vicon_receiver/install/vicon_receiver/share/vicon_receiver/cmake/vicon_receiver__rosidl_typesupport_introspection_cExport.cmake
[0.980s] -- Installing: /home/hsiutsu/ros2_ws/src/ros2_vicon_receiver/vicon_receiver/install/vicon_receiver/share/vicon_receiver/cmake/vicon_receiver__rosidl_typesupport_introspection_cExport-noconfig.cmake
[0.981s] -- Installing: /home/hsiutsu/ros2_ws/src/ros2_vicon_receiver/vicon_receiver/install/vicon_receiver/share/vicon_receiver/cmake/vicon_receiver__rosidl_typesupport_cExport.cmake
[0.981s] -- Installing: /home/hsiutsu/ros2_ws/src/ros2_vicon_receiver/vicon_receiver/install/vicon_receiver/share/vicon_receiver/cmake/vicon_receiver__rosidl_typesupport_cExport-noconfig.cmake
[0.981s] -- Installing: /home/hsiutsu/ros2_ws/src/ros2_vicon_receiver/vicon_receiver/install/vicon_receiver/share/vicon_receiver/cmake/vicon_receiver__rosidl_generator_cppExport.cmake
[0.981s] -- Installing: /home/hsiutsu/ros2_ws/src/ros2_vicon_receiver/vicon_receiver/install/vicon_receiver/share/vicon_receiver/cmake/vicon_receiver__rosidl_typesupport_introspection_cppExport.cmake
[0.981s] -- Installing: /home/hsiutsu/ros2_ws/src/ros2_vicon_receiver/vicon_receiver/install/vicon_receiver/share/vicon_receiver/cmake/vicon_receiver__rosidl_typesupport_introspection_cppExport-noconfig.cmake
[0.981s] -- Installing: /home/hsiutsu/ros2_ws/src/ros2_vicon_receiver/vicon_receiver/install/vicon_receiver/share/vicon_receiver/cmake/vicon_receiver__rosidl_typesupport_cppExport.cmake
[0.981s] -- Installing: /home/hsiutsu/ros2_ws/src/ros2_vicon_receiver/vicon_receiver/install/vicon_receiver/share/vicon_receiver/cmake/vicon_receiver__rosidl_typesupport_cppExport-noconfig.cmake
[0.986s] Invoked command in '/home/hsiutsu/ros2_ws/src/ros2_vicon_receiver/vicon_receiver/build/vicon_receiver' returned '0': CMAKE_PREFIX_PATH=/opt/ros/galactic /usr/bin/cmake --install /home/hsiutsu/ros2_ws/src/ros2_vicon_receiver/vicon_receiver/build/vicon_receiver
