[0.135s] DEBUG:colcon:Command line arguments: ['/usr/bin/colcon', 'build', '--symlink-install']
[0.135s] DEBUG:colcon:Parsed command line arguments: Namespace(allow_overriding=[], ament_cmake_args=None, base_paths=['.'], build_base='build', catkin_cmake_args=None, catkin_skip_building_tests=False, cmake_args=None, cmake_clean_cache=False, cmake_clean_first=False, cmake_force_configure=False, cmake_target=None, cmake_target_skip_unavailable=False, continue_on_error=False, event_handlers=None, executor='parallel', ignore_user_meta=False, install_base='install', log_base=None, log_level=None, main=<bound method BuildVerb.main of <colcon_core.verb.build.BuildVerb object at 0x7fb4c6c9a910>>, merge_install=False, metas=['./colcon.meta'], packages_above=None, packages_above_and_dependencies=None, packages_above_depth=None, packages_end=None, packages_ignore=None, packages_ignore_regex=None, packages_select=None, packages_select_build_failed=False, packages_select_by_dep=None, packages_select_regex=None, packages_select_test_failures=False, packages_skip=None, packages_skip_build_finished=False, packages_skip_by_dep=None, packages_skip_regex=None, packages_skip_test_passed=False, packages_skip_up_to=None, packages_start=None, packages_up_to=None, packages_up_to_regex=None, parallel_workers=8, paths=None, symlink_install=True, test_result_base=None, verb_extension=<colcon_core.verb.build.BuildVerb object at 0x7fb4c6c9a910>, verb_name='build', verb_parser=<colcon_defaults.argument_parser.defaults.DefaultArgumentsDecorator object at 0x7fb4c6c9ae80>)
[0.156s] Level 1:colcon.colcon_core.package_discovery:discover_packages(colcon_meta) check parameters
[0.156s] Level 1:colcon.colcon_core.package_discovery:discover_packages(recursive) check parameters
[0.156s] Level 1:colcon.colcon_core.package_discovery:discover_packages(ignore) check parameters
[0.156s] Level 1:colcon.colcon_core.package_discovery:discover_packages(path) check parameters
[0.156s] Level 1:colcon.colcon_core.package_discovery:discover_packages(colcon_meta) discover
[0.157s] Level 1:colcon.colcon_core.package_discovery:discover_packages(recursive) discover
[0.157s] INFO:colcon.colcon_core.package_discovery:Crawling recursively for packages in '/home/hsiutsu/ros2_ws/src/ros2_vicon_receiver/vicon_receiver'
[0.157s] Level 1:colcon.colcon_core.package_identification:_identify(.) by extensions ['ignore', 'ignore_ament_install']
[0.157s] Level 1:colcon.colcon_core.package_identification:_identify(.) by extension 'ignore'
[0.157s] Level 1:colcon.colcon_core.package_identification:_identify(.) by extension 'ignore_ament_install'
[0.157s] Level 1:colcon.colcon_core.package_identification:_identify(.) by extensions ['colcon_pkg']
[0.157s] Level 1:colcon.colcon_core.package_identification:_identify(.) by extension 'colcon_pkg'
[0.157s] Level 1:colcon.colcon_core.package_identification:_identify(.) by extensions ['colcon_meta']
[0.157s] Level 1:colcon.colcon_core.package_identification:_identify(.) by extension 'colcon_meta'
[0.157s] Level 1:colcon.colcon_core.package_identification:_identify(.) by extensions ['ros']
[0.157s] Level 1:colcon.colcon_core.package_identification:_identify(.) by extension 'ros'
[0.169s] DEBUG:colcon.colcon_core.package_identification:Package '.' with type 'ros.ament_cmake' and name 'vicon_receiver'
[0.169s] Level 1:colcon.colcon_core.package_discovery:discover_packages(recursive) using defaults
[0.169s] Level 1:colcon.colcon_core.package_discovery:discover_packages(ignore) discover
[0.169s] Level 1:colcon.colcon_core.package_discovery:discover_packages(ignore) using defaults
[0.169s] Level 1:colcon.colcon_core.package_discovery:discover_packages(path) discover
[0.169s] Level 1:colcon.colcon_core.package_discovery:discover_packages(path) using defaults
[0.194s] Level 1:colcon.colcon_core.package_discovery:discover_packages(prefix_path) check parameters
[0.194s] Level 1:colcon.colcon_core.package_discovery:discover_packages(prefix_path) discover
[0.196s] DEBUG:colcon.colcon_installed_package_information.package_discovery:Found 1 installed packages in /home/hsiutsu/ros2_ws/src/ros2_vicon_receiver/install
[0.198s] DEBUG:colcon.colcon_installed_package_information.package_discovery:Found 272 installed packages in /opt/ros/galactic
[0.199s] Level 1:colcon.colcon_core.package_discovery:discover_packages(prefix_path) using defaults
[0.270s] Level 5:colcon.colcon_core.verb:set package 'vicon_receiver' build argument 'cmake_args' from command line to 'None'
[0.270s] Level 5:colcon.colcon_core.verb:set package 'vicon_receiver' build argument 'cmake_target' from command line to 'None'
[0.270s] Level 5:colcon.colcon_core.verb:set package 'vicon_receiver' build argument 'cmake_target_skip_unavailable' from command line to 'False'
[0.270s] Level 5:colcon.colcon_core.verb:set package 'vicon_receiver' build argument 'cmake_clean_cache' from command line to 'False'
[0.270s] Level 5:colcon.colcon_core.verb:set package 'vicon_receiver' build argument 'cmake_clean_first' from command line to 'False'
[0.270s] Level 5:colcon.colcon_core.verb:set package 'vicon_receiver' build argument 'cmake_force_configure' from command line to 'False'
[0.270s] Level 5:colcon.colcon_core.verb:set package 'vicon_receiver' build argument 'ament_cmake_args' from command line to 'None'
[0.270s] Level 5:colcon.colcon_core.verb:set package 'vicon_receiver' build argument 'catkin_cmake_args' from command line to 'None'
[0.270s] Level 5:colcon.colcon_core.verb:set package 'vicon_receiver' build argument 'catkin_skip_building_tests' from command line to 'False'
[0.270s] DEBUG:colcon.colcon_core.verb:Building package 'vicon_receiver' with the following arguments: {'ament_cmake_args': None, 'build_base': '/home/hsiutsu/ros2_ws/src/ros2_vicon_receiver/vicon_receiver/build/vicon_receiver', 'catkin_cmake_args': None, 'catkin_skip_building_tests': False, 'cmake_args': None, 'cmake_clean_cache': False, 'cmake_clean_first': False, 'cmake_force_configure': False, 'cmake_target': None, 'cmake_target_skip_unavailable': False, 'install_base': '/home/hsiutsu/ros2_ws/src/ros2_vicon_receiver/vicon_receiver/install/vicon_receiver', 'merge_install': False, 'path': '/home/hsiutsu/ros2_ws/src/ros2_vicon_receiver/vicon_receiver', 'symlink_install': True, 'test_result_base': None}
[0.271s] INFO:colcon.colcon_core.executor:Executing jobs using 'parallel' executor
[0.274s] DEBUG:colcon.colcon_parallel_executor.executor.parallel:run_until_complete
[0.275s] INFO:colcon.colcon_ros.task.ament_cmake.build:Building ROS package in '/home/hsiutsu/ros2_ws/src/ros2_vicon_receiver/vicon_receiver' with build type 'ament_cmake'
[0.275s] INFO:colcon.colcon_cmake.task.cmake.build:Building CMake package in '/home/hsiutsu/ros2_ws/src/ros2_vicon_receiver/vicon_receiver'
[0.278s] INFO:colcon.colcon_core.plugin_system:Skipping extension 'colcon_core.shell.bat': Not used on non-Windows systems
[0.278s] INFO:colcon.colcon_core.shell:Skip shell extension 'powershell' for command environment: Not usable outside of PowerShell
[0.278s] DEBUG:colcon.colcon_core.shell:Skip shell extension 'dsv' for command environment
[0.288s] DEBUG:colcon.colcon_core.event_handler.log_command:Invoking command in '/home/hsiutsu/ros2_ws/src/ros2_vicon_receiver/vicon_receiver/build/vicon_receiver': CMAKE_PREFIX_PATH=${CMAKE_PREFIX_PATH}:/opt/ros/galactic /usr/bin/cmake --build /home/hsiutsu/ros2_ws/src/ros2_vicon_receiver/vicon_receiver/build/vicon_receiver -- -j8 -l8
[5.239s] DEBUG:colcon.colcon_core.event_handler.log_command:Invoked command in '/home/hsiutsu/ros2_ws/src/ros2_vicon_receiver/vicon_receiver/build/vicon_receiver' returned '0': CMAKE_PREFIX_PATH=${CMAKE_PREFIX_PATH}:/opt/ros/galactic /usr/bin/cmake --build /home/hsiutsu/ros2_ws/src/ros2_vicon_receiver/vicon_receiver/build/vicon_receiver -- -j8 -l8
[5.302s] DEBUG:colcon.colcon_core.event_handler.log_command:Invoking command in '/home/hsiutsu/ros2_ws/src/ros2_vicon_receiver/vicon_receiver/build/vicon_receiver': CMAKE_PREFIX_PATH=${CMAKE_PREFIX_PATH}:/opt/ros/galactic /usr/bin/cmake --install /home/hsiutsu/ros2_ws/src/ros2_vicon_receiver/vicon_receiver/build/vicon_receiver
[5.411s] Level 1:colcon.colcon_core.environment:create_environment_scripts_only(vicon_receiver)
[5.413s] DEBUG:colcon.colcon_core.event_handler.log_command:Invoked command in '/home/hsiutsu/ros2_ws/src/ros2_vicon_receiver/vicon_receiver/build/vicon_receiver' returned '0': CMAKE_PREFIX_PATH=${CMAKE_PREFIX_PATH}:/opt/ros/galactic /usr/bin/cmake --install /home/hsiutsu/ros2_ws/src/ros2_vicon_receiver/vicon_receiver/build/vicon_receiver
[5.418s] Level 1:colcon.colcon_core.environment:checking '/home/hsiutsu/ros2_ws/src/ros2_vicon_receiver/vicon_receiver/install/vicon_receiver' for CMake module files
[5.419s] Level 1:colcon.colcon_core.environment:checking '/home/hsiutsu/ros2_ws/src/ros2_vicon_receiver/vicon_receiver/install/vicon_receiver' for CMake config files
[5.419s] Level 1:colcon.colcon_core.shell:create_environment_hook('vicon_receiver', 'cmake_prefix_path')
[5.421s] INFO:colcon.colcon_core.shell:Creating environment hook '/home/hsiutsu/ros2_ws/src/ros2_vicon_receiver/vicon_receiver/install/vicon_receiver/share/vicon_receiver/hook/cmake_prefix_path.ps1'
[5.422s] INFO:colcon.colcon_core.shell:Creating environment descriptor '/home/hsiutsu/ros2_ws/src/ros2_vicon_receiver/vicon_receiver/install/vicon_receiver/share/vicon_receiver/hook/cmake_prefix_path.dsv'
[5.422s] INFO:colcon.colcon_core.shell:Creating environment hook '/home/hsiutsu/ros2_ws/src/ros2_vicon_receiver/vicon_receiver/install/vicon_receiver/share/vicon_receiver/hook/cmake_prefix_path.sh'
[5.423s] Level 1:colcon.colcon_core.environment:checking '/home/hsiutsu/ros2_ws/src/ros2_vicon_receiver/vicon_receiver/install/vicon_receiver/lib'
[5.423s] Level 1:colcon.colcon_core.shell:create_environment_hook('vicon_receiver', 'ld_library_path_lib')
[5.424s] INFO:colcon.colcon_core.shell:Creating environment hook '/home/hsiutsu/ros2_ws/src/ros2_vicon_receiver/vicon_receiver/install/vicon_receiver/share/vicon_receiver/hook/ld_library_path_lib.ps1'
[5.425s] INFO:colcon.colcon_core.shell:Creating environment descriptor '/home/hsiutsu/ros2_ws/src/ros2_vicon_receiver/vicon_receiver/install/vicon_receiver/share/vicon_receiver/hook/ld_library_path_lib.dsv'
[5.425s] INFO:colcon.colcon_core.shell:Creating environment hook '/home/hsiutsu/ros2_ws/src/ros2_vicon_receiver/vicon_receiver/install/vicon_receiver/share/vicon_receiver/hook/ld_library_path_lib.sh'
[5.425s] Level 1:colcon.colcon_core.environment:checking '/home/hsiutsu/ros2_ws/src/ros2_vicon_receiver/vicon_receiver/install/vicon_receiver/bin'
[5.425s] Level 1:colcon.colcon_core.environment:checking '/home/hsiutsu/ros2_ws/src/ros2_vicon_receiver/vicon_receiver/install/vicon_receiver/lib/pkgconfig/vicon_receiver.pc'
[5.426s] Level 1:colcon.colcon_core.environment:checking '/home/hsiutsu/ros2_ws/src/ros2_vicon_receiver/vicon_receiver/install/vicon_receiver/lib/python3.8/site-packages'
[5.426s] Level 1:colcon.colcon_core.shell:create_environment_hook('vicon_receiver', 'pythonpath')
[5.427s] INFO:colcon.colcon_core.shell:Creating environment hook '/home/hsiutsu/ros2_ws/src/ros2_vicon_receiver/vicon_receiver/install/vicon_receiver/share/vicon_receiver/hook/pythonpath.ps1'
[5.427s] INFO:colcon.colcon_core.shell:Creating environment descriptor '/home/hsiutsu/ros2_ws/src/ros2_vicon_receiver/vicon_receiver/install/vicon_receiver/share/vicon_receiver/hook/pythonpath.dsv'
[5.428s] INFO:colcon.colcon_core.shell:Creating environment hook '/home/hsiutsu/ros2_ws/src/ros2_vicon_receiver/vicon_receiver/install/vicon_receiver/share/vicon_receiver/hook/pythonpath.sh'
[5.428s] Level 1:colcon.colcon_core.environment:checking '/home/hsiutsu/ros2_ws/src/ros2_vicon_receiver/vicon_receiver/install/vicon_receiver/bin'
[5.429s] INFO:colcon.colcon_core.shell:Creating package script '/home/hsiutsu/ros2_ws/src/ros2_vicon_receiver/vicon_receiver/install/vicon_receiver/share/vicon_receiver/package.ps1'
[5.430s] INFO:colcon.colcon_core.shell:Creating package descriptor '/home/hsiutsu/ros2_ws/src/ros2_vicon_receiver/vicon_receiver/install/vicon_receiver/share/vicon_receiver/package.dsv'
[5.431s] INFO:colcon.colcon_core.shell:Creating package script '/home/hsiutsu/ros2_ws/src/ros2_vicon_receiver/vicon_receiver/install/vicon_receiver/share/vicon_receiver/package.sh'
[5.432s] INFO:colcon.colcon_core.shell:Creating package script '/home/hsiutsu/ros2_ws/src/ros2_vicon_receiver/vicon_receiver/install/vicon_receiver/share/vicon_receiver/package.bash'
[5.432s] INFO:colcon.colcon_core.shell:Creating package script '/home/hsiutsu/ros2_ws/src/ros2_vicon_receiver/vicon_receiver/install/vicon_receiver/share/vicon_receiver/package.zsh'
[5.433s] Level 1:colcon.colcon_core.environment:create_file_with_runtime_dependencies(/home/hsiutsu/ros2_ws/src/ros2_vicon_receiver/vicon_receiver/install/vicon_receiver/share/colcon-core/packages/vicon_receiver)
[5.481s] Level 1:colcon.colcon_core.environment:create_environment_scripts_only(vicon_receiver)
[5.483s] Level 1:colcon.colcon_core.environment:checking '/home/hsiutsu/ros2_ws/src/ros2_vicon_receiver/vicon_receiver/install/vicon_receiver' for CMake module files
[5.484s] Level 1:colcon.colcon_core.environment:checking '/home/hsiutsu/ros2_ws/src/ros2_vicon_receiver/vicon_receiver/install/vicon_receiver' for CMake config files
[5.484s] Level 1:colcon.colcon_core.shell:create_environment_hook('vicon_receiver', 'cmake_prefix_path')
[5.486s] INFO:colcon.colcon_core.shell:Creating environment hook '/home/hsiutsu/ros2_ws/src/ros2_vicon_receiver/vicon_receiver/install/vicon_receiver/share/vicon_receiver/hook/cmake_prefix_path.ps1'
[5.487s] INFO:colcon.colcon_core.shell:Creating environment descriptor '/home/hsiutsu/ros2_ws/src/ros2_vicon_receiver/vicon_receiver/install/vicon_receiver/share/vicon_receiver/hook/cmake_prefix_path.dsv'
[5.487s] INFO:colcon.colcon_core.shell:Creating environment hook '/home/hsiutsu/ros2_ws/src/ros2_vicon_receiver/vicon_receiver/install/vicon_receiver/share/vicon_receiver/hook/cmake_prefix_path.sh'
[5.488s] Level 1:colcon.colcon_core.environment:checking '/home/hsiutsu/ros2_ws/src/ros2_vicon_receiver/vicon_receiver/install/vicon_receiver/lib'
[5.488s] Level 1:colcon.colcon_core.shell:create_environment_hook('vicon_receiver', 'ld_library_path_lib')
[5.491s] INFO:colcon.colcon_core.shell:Creating environment hook '/home/hsiutsu/ros2_ws/src/ros2_vicon_receiver/vicon_receiver/install/vicon_receiver/share/vicon_receiver/hook/ld_library_path_lib.ps1'
[5.491s] INFO:colcon.colcon_core.shell:Creating environment descriptor '/home/hsiutsu/ros2_ws/src/ros2_vicon_receiver/vicon_receiver/install/vicon_receiver/share/vicon_receiver/hook/ld_library_path_lib.dsv'
[5.492s] INFO:colcon.colcon_core.shell:Creating environment hook '/home/hsiutsu/ros2_ws/src/ros2_vicon_receiver/vicon_receiver/install/vicon_receiver/share/vicon_receiver/hook/ld_library_path_lib.sh'
[5.492s] Level 1:colcon.colcon_core.environment:checking '/home/hsiutsu/ros2_ws/src/ros2_vicon_receiver/vicon_receiver/install/vicon_receiver/bin'
[5.492s] Level 1:colcon.colcon_core.environment:checking '/home/hsiutsu/ros2_ws/src/ros2_vicon_receiver/vicon_receiver/install/vicon_receiver/lib/pkgconfig/vicon_receiver.pc'
[5.492s] Level 1:colcon.colcon_core.environment:checking '/home/hsiutsu/ros2_ws/src/ros2_vicon_receiver/vicon_receiver/install/vicon_receiver/lib/python3.8/site-packages'
[5.492s] Level 1:colcon.colcon_core.shell:create_environment_hook('vicon_receiver', 'pythonpath')
[5.494s] INFO:colcon.colcon_core.shell:Creating environment hook '/home/hsiutsu/ros2_ws/src/ros2_vicon_receiver/vicon_receiver/install/vicon_receiver/share/vicon_receiver/hook/pythonpath.ps1'
[5.494s] INFO:colcon.colcon_core.shell:Creating environment descriptor '/home/hsiutsu/ros2_ws/src/ros2_vicon_receiver/vicon_receiver/install/vicon_receiver/share/vicon_receiver/hook/pythonpath.dsv'
[5.494s] INFO:colcon.colcon_core.shell:Creating environment hook '/home/hsiutsu/ros2_ws/src/ros2_vicon_receiver/vicon_receiver/install/vicon_receiver/share/vicon_receiver/hook/pythonpath.sh'
[5.495s] Level 1:colcon.colcon_core.environment:checking '/home/hsiutsu/ros2_ws/src/ros2_vicon_receiver/vicon_receiver/install/vicon_receiver/bin'
[5.496s] INFO:colcon.colcon_core.shell:Creating package script '/home/hsiutsu/ros2_ws/src/ros2_vicon_receiver/vicon_receiver/install/vicon_receiver/share/vicon_receiver/package.ps1'
[5.497s] INFO:colcon.colcon_core.shell:Creating package descriptor '/home/hsiutsu/ros2_ws/src/ros2_vicon_receiver/vicon_receiver/install/vicon_receiver/share/vicon_receiver/package.dsv'
[5.497s] INFO:colcon.colcon_core.shell:Creating package script '/home/hsiutsu/ros2_ws/src/ros2_vicon_receiver/vicon_receiver/install/vicon_receiver/share/vicon_receiver/package.sh'
[5.498s] INFO:colcon.colcon_core.shell:Creating package script '/home/hsiutsu/ros2_ws/src/ros2_vicon_receiver/vicon_receiver/install/vicon_receiver/share/vicon_receiver/package.bash'
[5.498s] INFO:colcon.colcon_core.shell:Creating package script '/home/hsiutsu/ros2_ws/src/ros2_vicon_receiver/vicon_receiver/install/vicon_receiver/share/vicon_receiver/package.zsh'
[5.498s] Level 1:colcon.colcon_core.environment:create_file_with_runtime_dependencies(/home/hsiutsu/ros2_ws/src/ros2_vicon_receiver/vicon_receiver/install/vicon_receiver/share/colcon-core/packages/vicon_receiver)
[5.499s] DEBUG:colcon.colcon_parallel_executor.executor.parallel:closing loop
[5.499s] DEBUG:colcon.colcon_parallel_executor.executor.parallel:loop closed
[5.499s] DEBUG:colcon.colcon_parallel_executor.executor.parallel:run_until_complete finished with '0'
[5.499s] DEBUG:colcon.colcon_core.event_reactor:joining thread
[5.506s] INFO:colcon.colcon_core.plugin_system:Skipping extension 'colcon_notification.desktop_notification.terminal_notifier': Not used on non-Darwin systems
[5.506s] INFO:colcon.colcon_core.plugin_system:Skipping extension 'colcon_notification.desktop_notification.win32': Not used on non-Windows systems
[5.506s] INFO:colcon.colcon_notification.desktop_notification:Sending desktop notification using 'notify2'
[5.521s] DEBUG:colcon.colcon_core.event_reactor:joined thread
[5.523s] INFO:colcon.colcon_core.shell:Creating prefix script '/home/hsiutsu/ros2_ws/src/ros2_vicon_receiver/vicon_receiver/install/local_setup.ps1'
[5.524s] INFO:colcon.colcon_core.shell:Creating prefix util module '/home/hsiutsu/ros2_ws/src/ros2_vicon_receiver/vicon_receiver/install/_local_setup_util_ps1.py'
[5.525s] INFO:colcon.colcon_core.shell:Creating prefix chain script '/home/hsiutsu/ros2_ws/src/ros2_vicon_receiver/vicon_receiver/install/setup.ps1'
[5.526s] INFO:colcon.colcon_core.shell:Creating prefix script '/home/hsiutsu/ros2_ws/src/ros2_vicon_receiver/vicon_receiver/install/local_setup.sh'
[5.527s] INFO:colcon.colcon_core.shell:Creating prefix util module '/home/hsiutsu/ros2_ws/src/ros2_vicon_receiver/vicon_receiver/install/_local_setup_util_sh.py'
[5.527s] INFO:colcon.colcon_core.shell:Creating prefix chain script '/home/hsiutsu/ros2_ws/src/ros2_vicon_receiver/vicon_receiver/install/setup.sh'
[5.529s] INFO:colcon.colcon_core.shell:Creating prefix script '/home/hsiutsu/ros2_ws/src/ros2_vicon_receiver/vicon_receiver/install/local_setup.bash'
[5.529s] INFO:colcon.colcon_core.shell:Creating prefix chain script '/home/hsiutsu/ros2_ws/src/ros2_vicon_receiver/vicon_receiver/install/setup.bash'
[5.531s] INFO:colcon.colcon_core.shell:Creating prefix script '/home/hsiutsu/ros2_ws/src/ros2_vicon_receiver/vicon_receiver/install/local_setup.zsh'
[5.531s] INFO:colcon.colcon_core.shell:Creating prefix chain script '/home/hsiutsu/ros2_ws/src/ros2_vicon_receiver/vicon_receiver/install/setup.zsh'
