[0.011s] Invoking command in '/home/hsiutsu/ros2_ws/src/ros2_vicon_receiver/vicon_receiver/build/vicon_receiver': CMAKE_PREFIX_PATH=/opt/ros/galactic /usr/bin/cmake /home/hsiutsu/ros2_ws/src/ros2_vicon_receiver/vicon_receiver -DAMENT_CMAKE_SYMLINK_INSTALL=1 -DCMAKE_INSTALL_PREFIX=/home/hsiutsu/ros2_ws/src/ros2_vicon_receiver/vicon_receiver/install/vicon_receiver
[0.070s] -- The C compiler identification is GNU 9.4.0
[0.122s] -- The CXX compiler identification is GNU 9.4.0
[0.126s] -- Check for working C compiler: /usr/bin/cc
[0.200s] -- Check for working C compiler: /usr/bin/cc -- works
[0.201s] -- Detecting C compiler ABI info
[0.271s] -- Detecting C compiler ABI info - done
[0.284s] -- Detecting C compile features
[0.285s] -- Detecting C compile features - done
[0.287s] -- Check for working CXX compiler: /usr/bin/c++
[0.369s] -- Check for working CXX compiler: /usr/bin/c++ -- works
[0.370s] -- Detecting CXX compiler ABI info
[0.446s] -- Detecting CXX compiler ABI info - done
[0.457s] -- Detecting CXX compile features
[0.458s] -- Detecting CXX compile features - done
[0.460s] -- Found ament_cmake: 1.1.5 (/opt/ros/galactic/share/ament_cmake/cmake)
[0.481s] -- Found PythonInterp: /usr/bin/python3 (found suitable version "3.8.10", minimum required is "3") 
[0.481s] -- Using PYTHON_EXECUTABLE: /usr/bin/python3
[0.527s] -- Override CMake install command with custom implementation using symlinks instead of copying resources
[0.546s] -- Found rosidl_default_generators: 1.1.1 (/opt/ros/galactic/share/rosidl_default_generators/cmake)
[0.549s] -- Using all available rosidl_typesupport_c: rosidl_typesupport_fastrtps_c;rosidl_typesupport_introspection_c
[0.554s] -- Found rosidl_adapter: 2.2.2 (/opt/ros/galactic/share/rosidl_adapter/cmake)
[0.636s] -- Found OpenSSL: /usr/lib/x86_64-linux-gnu/libcrypto.so (found version "1.1.1f")  
[0.662s] -- Found FastRTPS: /opt/ros/galactic/include  
[0.729s] -- Using all available rosidl_typesupport_cpp: rosidl_typesupport_fastrtps_cpp;rosidl_typesupport_introspection_cpp
[0.753s] -- Found rclcpp: 9.2.1 (/opt/ros/galactic/share/rclcpp/cmake)
[0.810s] -- Found rmw_implementation_cmake: 3.3.1 (/opt/ros/galactic/share/rmw_implementation_cmake/cmake)
[0.812s] -- Found rmw_fastrtps_cpp: 5.0.2 (/opt/ros/galactic/share/rmw_fastrtps_cpp/cmake)
[0.906s] -- Using RMW implementation 'rmw_fastrtps_cpp' as default
[0.907s] -- Looking for pthread.h
[0.985s] -- Looking for pthread.h - found
[0.985s] -- Performing Test CMAKE_HAVE_LIBC_PTHREAD
[1.059s] -- Performing Test CMAKE_HAVE_LIBC_PTHREAD - Failed
[1.059s] -- Looking for pthread_create in pthreads
[1.121s] -- Looking for pthread_create in pthreads - not found
[1.121s] -- Looking for pthread_create in pthread
[1.199s] -- Looking for pthread_create in pthread - found
[1.200s] -- Found Threads: TRUE  
[1.340s] -- Found Boost: /usr/lib/x86_64-linux-gnu/cmake/Boost-1.71.0/BoostConfig.cmake (found version "1.71.0") found components: thread 
[1.361s] -- Found PythonInterp: /usr/bin/python3 (found version "3.8.10") 
[1.461s] -- Found ament_cmake_ros: 0.9.2 (/opt/ros/galactic/share/ament_cmake_ros/cmake)
[1.550s] -- Using all available rosidl_typesupport_c: rosidl_typesupport_fastrtps_c;rosidl_typesupport_introspection_c
[1.556s] -- Using all available rosidl_typesupport_cpp: rosidl_typesupport_fastrtps_cpp;rosidl_typesupport_introspection_cpp
[1.577s] -- Found PythonInterp: /usr/bin/python3 (found suitable version "3.8.10", minimum required is "3.5") 
[1.578s] -- Found python_cmake_module: 0.8.1 (/opt/ros/galactic/share/python_cmake_module/cmake)
[1.602s] -- Found PythonLibs: /usr/lib/x86_64-linux-gnu/libpython3.8.so (found suitable version "3.8.10", minimum required is "3.5") 
[1.602s] -- Using PYTHON_EXECUTABLE: /usr/bin/python3
[1.602s] -- Using PYTHON_INCLUDE_DIRS: /usr/include/python3.8
[1.602s] -- Using PYTHON_LIBRARIES: /usr/lib/x86_64-linux-gnu/libpython3.8.so
[1.622s] -- Found PythonExtra: .so  
[1.675s] -- Configuring done
[1.706s] -- Generating done
[1.709s] -- Build files have been written to: /home/hsiutsu/ros2_ws/src/ros2_vicon_receiver/vicon_receiver/build/vicon_receiver
[1.718s] Invoked command in '/home/hsiutsu/ros2_ws/src/ros2_vicon_receiver/vicon_receiver/build/vicon_receiver' returned '0': CMAKE_PREFIX_PATH=/opt/ros/galactic /usr/bin/cmake /home/hsiutsu/ros2_ws/src/ros2_vicon_receiver/vicon_receiver -DAMENT_CMAKE_SYMLINK_INSTALL=1 -DCMAKE_INSTALL_PREFIX=/home/hsiutsu/ros2_ws/src/ros2_vicon_receiver/vicon_receiver/install/vicon_receiver
[1.721s] Invoking command in '/home/hsiutsu/ros2_ws/src/ros2_vicon_receiver/vicon_receiver/build/vicon_receiver': CMAKE_PREFIX_PATH=/opt/ros/galactic /usr/bin/cmake --build /home/hsiutsu/ros2_ws/src/ros2_vicon_receiver/vicon_receiver/build/vicon_receiver -- -j8 -l8
[1.763s] [  2%] [34m[1mGenerating C code for ROS interfaces[0m
[1.763s] [35m[1mScanning dependencies of target vicon_receiver__cpp[0m
[1.774s] [  5%] [34m[1mGenerating C++ code for ROS interfaces[0m
[1.998s] [  5%] Built target vicon_receiver__cpp
[2.002s] [35m[1mScanning dependencies of target vicon_receiver__rosidl_generator_c[0m
[2.007s] [ 14%] [34m[1mGenerating C++ introspection for ROS interfaces[0m
[2.007s] [ 14%] [34m[1mGenerating C++ type support for eProsima Fast-RTPS[0m
[2.007s] [ 14%] [34m[1mGenerating C++ type support dispatch for ROS interfaces[0m
[2.040s] [ 17%] [32mBuilding C object CMakeFiles/vicon_receiver__rosidl_generator_c.dir/rosidl_generator_c/vicon_receiver/msg/detail/position__functions.c.o[0m
[2.081s] [ 20%] [32m[1mLinking C shared library libvicon_receiver__rosidl_generator_c.so[0m
[2.112s] [ 20%] Built target vicon_receiver__rosidl_generator_c
[2.122s] [ 23%] [34m[1mGenerating C introspection for ROS interfaces[0m
[2.125s] [ 26%] [34m[1mGenerating C type support dispatch for ROS interfaces[0m
[2.236s] [35m[1mScanning dependencies of target vicon_receiver__rosidl_typesupport_cpp[0m
[2.263s] [ 29%] [32mBuilding CXX object CMakeFiles/vicon_receiver__rosidl_typesupport_cpp.dir/rosidl_typesupport_cpp/vicon_receiver/msg/position__type_support.cpp.o[0m
[2.265s] [35m[1mScanning dependencies of target vicon_receiver__rosidl_typesupport_fastrtps_cpp[0m
[2.272s] [35m[1mScanning dependencies of target vicon_receiver__rosidl_typesupport_introspection_cpp[0m
[2.303s] [ 32%] [32mBuilding CXX object CMakeFiles/vicon_receiver__rosidl_typesupport_introspection_cpp.dir/rosidl_typesupport_introspection_cpp/vicon_receiver/msg/detail/position__type_support.cpp.o[0m
[2.355s] [ 35%] [32mBuilding CXX object CMakeFiles/vicon_receiver__rosidl_typesupport_fastrtps_cpp.dir/rosidl_typesupport_fastrtps_cpp/vicon_receiver/msg/detail/dds_fastrtps/position__type_support.cpp.o[0m
[2.428s] [35m[1mScanning dependencies of target vicon_receiver__rosidl_typesupport_c[0m
[2.440s] [ 38%] [32mBuilding CXX object CMakeFiles/vicon_receiver__rosidl_typesupport_c.dir/rosidl_typesupport_c/vicon_receiver/msg/position__type_support.cpp.o[0m
[2.467s] [ 41%] [32m[1mLinking CXX shared library libvicon_receiver__rosidl_typesupport_c.so[0m
[2.503s] [ 41%] Built target vicon_receiver__rosidl_typesupport_c
[2.512s] [35m[1mScanning dependencies of target vicon_receiver__rosidl_typesupport_introspection_c[0m
[2.525s] [ 44%] [32mBuilding C object CMakeFiles/vicon_receiver__rosidl_typesupport_introspection_c.dir/rosidl_typesupport_introspection_c/vicon_receiver/msg/detail/position__type_support.c.o[0m
[2.546s] [ 47%] [32m[1mLinking CXX shared library libvicon_receiver__rosidl_typesupport_cpp.so[0m
[2.556s] [ 50%] [32m[1mLinking C shared library libvicon_receiver__rosidl_typesupport_introspection_c.so[0m
[2.582s] [ 52%] [32m[1mLinking CXX shared library libvicon_receiver__rosidl_typesupport_introspection_cpp.so[0m
[2.582s] [ 52%] Built target vicon_receiver__rosidl_typesupport_introspection_c
[2.582s] [ 52%] Built target vicon_receiver__rosidl_typesupport_cpp
[2.635s] [ 52%] Built target vicon_receiver__rosidl_typesupport_introspection_cpp
[2.794s] [ 55%] [32m[1mLinking CXX shared library libvicon_receiver__rosidl_typesupport_fastrtps_cpp.so[0m
[2.883s] [ 55%] Built target vicon_receiver__rosidl_typesupport_fastrtps_cpp
[2.896s] [ 58%] [34m[1mGenerating C type support for eProsima Fast-RTPS[0m
[3.111s] [35m[1mScanning dependencies of target vicon_receiver__rosidl_typesupport_fastrtps_c[0m
[3.142s] [ 61%] [32mBuilding CXX object CMakeFiles/vicon_receiver__rosidl_typesupport_fastrtps_c.dir/rosidl_typesupport_fastrtps_c/vicon_receiver/msg/detail/position__type_support_c.cpp.o[0m
[3.479s] [ 64%] [32m[1mLinking CXX shared library libvicon_receiver__rosidl_typesupport_fastrtps_c.so[0m
[3.563s] [ 64%] Built target vicon_receiver__rosidl_typesupport_fastrtps_c
[3.574s] [35m[1mScanning dependencies of target vicon_receiver[0m
[3.584s] [ 64%] Built target vicon_receiver
[3.595s] [35m[1mScanning dependencies of target vicon_receiver__py[0m
[3.595s] [35m[1mScanning dependencies of target vicon_client[0m
[3.604s] [ 67%] [34m[1mGenerating Python code for ROS interfaces[0m
[3.634s] [ 73%] [32mBuilding CXX object CMakeFiles/vicon_client.dir/src/vicon_receiver/communicator.cpp.o[0m
[3.634s] [ 73%] [32mBuilding CXX object CMakeFiles/vicon_client.dir/src/vicon_receiver/publisher.cpp.o[0m
[3.992s] [ 73%] Built target vicon_receiver__py
[4.001s] [35m[1mScanning dependencies of target vicon_receiver__python[0m
[4.236s] [ 76%] [32mBuilding C object CMakeFiles/vicon_receiver__python.dir/rosidl_generator_py/vicon_receiver/msg/_position_s.c.o[0m
[4.340s] [ 79%] [32m[1mLinking C shared library rosidl_generator_py/vicon_receiver/libvicon_receiver__python.so[0m
[4.376s] [ 79%] Built target vicon_receiver__python
[4.385s] [35m[1mScanning dependencies of target vicon_receiver__rosidl_typesupport_introspection_c__pyext[0m
[4.385s] [35m[1mScanning dependencies of target vicon_receiver__rosidl_typesupport_c__pyext[0m
[4.385s] [35m[1mScanning dependencies of target vicon_receiver__rosidl_typesupport_fastrtps_c__pyext[0m
[4.441s] [ 85%] [32mBuilding C object CMakeFiles/vicon_receiver__rosidl_typesupport_introspection_c__pyext.dir/rosidl_generator_py/vicon_receiver/_vicon_receiver_s.ep.rosidl_typesupport_introspection_c.c.o[0m
[4.441s] [ 85%] [32mBuilding C object CMakeFiles/vicon_receiver__rosidl_typesupport_c__pyext.dir/rosidl_generator_py/vicon_receiver/_vicon_receiver_s.ep.rosidl_typesupport_c.c.o[0m
[4.442s] [ 88%] [32mBuilding C object CMakeFiles/vicon_receiver__rosidl_typesupport_fastrtps_c__pyext.dir/rosidl_generator_py/vicon_receiver/_vicon_receiver_s.ep.rosidl_typesupport_fastrtps_c.c.o[0m
[4.512s] [ 94%] [32m[1mLinking C shared library rosidl_generator_py/vicon_receiver/vicon_receiver_s__rosidl_typesupport_introspection_c.cpython-38-x86_64-linux-gnu.so[0m
[4.512s] [ 94%] [32m[1mLinking C shared library rosidl_generator_py/vicon_receiver/vicon_receiver_s__rosidl_typesupport_c.cpython-38-x86_64-linux-gnu.so[0m
[4.542s] [ 94%] Built target vicon_receiver__rosidl_typesupport_introspection_c__pyext
[4.542s] [ 94%] Built target vicon_receiver__rosidl_typesupport_c__pyext
[4.562s] [ 97%] [32m[1mLinking CXX shared library rosidl_generator_py/vicon_receiver/vicon_receiver_s__rosidl_typesupport_fastrtps_c.cpython-38-x86_64-linux-gnu.so[0m
[4.619s] [ 97%] Built target vicon_receiver__rosidl_typesupport_fastrtps_c__pyext
[9.048s] [100%] [32m[1mLinking CXX executable vicon_client[0m
[9.148s] /usr/bin/ld: cannot find -lViconDataStreamSDK_CPP
[9.148s] collect2: error: ld returned 1 exit status
[9.149s] make[2]: *** [CMakeFiles/vicon_client.dir/build.make:158: vicon_client] Error 1
[9.149s] make[1]: *** [CMakeFiles/Makefile2:125: CMakeFiles/vicon_client.dir/all] Error 2
[9.149s] make: *** [Makefile:141: all] Error 2
[9.151s] Invoked command in '/home/hsiutsu/ros2_ws/src/ros2_vicon_receiver/vicon_receiver/build/vicon_receiver' returned '2': CMAKE_PREFIX_PATH=/opt/ros/galactic /usr/bin/cmake --build /home/hsiutsu/ros2_ws/src/ros2_vicon_receiver/vicon_receiver/build/vicon_receiver -- -j8 -l8
