[0.133s] DEBUG:colcon:Command line arguments: ['/usr/bin/colcon', 'build', '--symlink-install']
[0.133s] DEBUG:colcon:Parsed command line arguments: Namespace(allow_overriding=[], ament_cmake_args=None, base_paths=['.'], build_base='build', catkin_cmake_args=None, catkin_skip_building_tests=False, cmake_args=None, cmake_clean_cache=False, cmake_clean_first=False, cmake_force_configure=False, cmake_target=None, cmake_target_skip_unavailable=False, continue_on_error=False, event_handlers=None, executor='parallel', ignore_user_meta=False, install_base='install', log_base=None, log_level=None, main=<bound method BuildVerb.main of <colcon_core.verb.build.BuildVerb object at 0x7f57b5c328b0>>, merge_install=False, metas=['./colcon.meta'], packages_above=None, packages_above_and_dependencies=None, packages_above_depth=None, packages_end=None, packages_ignore=None, packages_ignore_regex=None, packages_select=None, packages_select_build_failed=False, packages_select_by_dep=None, packages_select_regex=None, packages_select_test_failures=False, packages_skip=None, packages_skip_build_finished=False, packages_skip_by_dep=None, packages_skip_regex=None, packages_skip_test_passed=False, packages_skip_up_to=None, packages_start=None, packages_up_to=None, packages_up_to_regex=None, parallel_workers=8, paths=None, symlink_install=True, test_result_base=None, verb_extension=<colcon_core.verb.build.BuildVerb object at 0x7f57b5c328b0>, verb_name='build', verb_parser=<colcon_defaults.argument_parser.defaults.DefaultArgumentsDecorator object at 0x7f57b5c32e20>)
[0.154s] Level 1:colcon.colcon_core.package_discovery:discover_packages(colcon_meta) check parameters
[0.154s] Level 1:colcon.colcon_core.package_discovery:discover_packages(recursive) check parameters
[0.154s] Level 1:colcon.colcon_core.package_discovery:discover_packages(ignore) check parameters
[0.154s] Level 1:colcon.colcon_core.package_discovery:discover_packages(path) check parameters
[0.155s] Level 1:colcon.colcon_core.package_discovery:discover_packages(colcon_meta) discover
[0.155s] Level 1:colcon.colcon_core.package_discovery:discover_packages(recursive) discover
[0.155s] INFO:colcon.colcon_core.package_discovery:Crawling recursively for packages in '/home/hsiutsu/ros2_ws/src/ros2_vicon_receiver/vicon_receiver'
[0.155s] Level 1:colcon.colcon_core.package_identification:_identify(.) by extensions ['ignore', 'ignore_ament_install']
[0.155s] Level 1:colcon.colcon_core.package_identification:_identify(.) by extension 'ignore'
[0.155s] Level 1:colcon.colcon_core.package_identification:_identify(.) by extension 'ignore_ament_install'
[0.155s] Level 1:colcon.colcon_core.package_identification:_identify(.) by extensions ['colcon_pkg']
[0.155s] Level 1:colcon.colcon_core.package_identification:_identify(.) by extension 'colcon_pkg'
[0.155s] Level 1:colcon.colcon_core.package_identification:_identify(.) by extensions ['colcon_meta']
[0.155s] Level 1:colcon.colcon_core.package_identification:_identify(.) by extension 'colcon_meta'
[0.155s] Level 1:colcon.colcon_core.package_identification:_identify(.) by extensions ['ros']
[0.155s] Level 1:colcon.colcon_core.package_identification:_identify(.) by extension 'ros'
[0.167s] DEBUG:colcon.colcon_core.package_identification:Package '.' with type 'ros.ament_cmake' and name 'vicon_receiver'
[0.167s] Level 1:colcon.colcon_core.package_discovery:discover_packages(recursive) using defaults
[0.167s] Level 1:colcon.colcon_core.package_discovery:discover_packages(ignore) discover
[0.167s] Level 1:colcon.colcon_core.package_discovery:discover_packages(ignore) using defaults
[0.167s] Level 1:colcon.colcon_core.package_discovery:discover_packages(path) discover
[0.167s] Level 1:colcon.colcon_core.package_discovery:discover_packages(path) using defaults
[0.192s] Level 1:colcon.colcon_core.package_discovery:discover_packages(prefix_path) check parameters
[0.192s] Level 1:colcon.colcon_core.package_discovery:discover_packages(prefix_path) discover
[0.195s] DEBUG:colcon.colcon_installed_package_information.package_discovery:Found 1 installed packages in /home/hsiutsu/ros2_ws/src/ros2_vicon_receiver/install
[0.196s] DEBUG:colcon.colcon_installed_package_information.package_discovery:Found 272 installed packages in /opt/ros/galactic
[0.197s] Level 1:colcon.colcon_core.package_discovery:discover_packages(prefix_path) using defaults
[0.264s] Level 5:colcon.colcon_core.verb:set package 'vicon_receiver' build argument 'cmake_args' from command line to 'None'
[0.264s] Level 5:colcon.colcon_core.verb:set package 'vicon_receiver' build argument 'cmake_target' from command line to 'None'
[0.264s] Level 5:colcon.colcon_core.verb:set package 'vicon_receiver' build argument 'cmake_target_skip_unavailable' from command line to 'False'
[0.264s] Level 5:colcon.colcon_core.verb:set package 'vicon_receiver' build argument 'cmake_clean_cache' from command line to 'False'
[0.264s] Level 5:colcon.colcon_core.verb:set package 'vicon_receiver' build argument 'cmake_clean_first' from command line to 'False'
[0.264s] Level 5:colcon.colcon_core.verb:set package 'vicon_receiver' build argument 'cmake_force_configure' from command line to 'False'
[0.264s] Level 5:colcon.colcon_core.verb:set package 'vicon_receiver' build argument 'ament_cmake_args' from command line to 'None'
[0.264s] Level 5:colcon.colcon_core.verb:set package 'vicon_receiver' build argument 'catkin_cmake_args' from command line to 'None'
[0.264s] Level 5:colcon.colcon_core.verb:set package 'vicon_receiver' build argument 'catkin_skip_building_tests' from command line to 'False'
[0.264s] DEBUG:colcon.colcon_core.verb:Building package 'vicon_receiver' with the following arguments: {'ament_cmake_args': None, 'build_base': '/home/hsiutsu/ros2_ws/src/ros2_vicon_receiver/vicon_receiver/build/vicon_receiver', 'catkin_cmake_args': None, 'catkin_skip_building_tests': False, 'cmake_args': None, 'cmake_clean_cache': False, 'cmake_clean_first': False, 'cmake_force_configure': False, 'cmake_target': None, 'cmake_target_skip_unavailable': False, 'install_base': '/home/hsiutsu/ros2_ws/src/ros2_vicon_receiver/vicon_receiver/install/vicon_receiver', 'merge_install': False, 'path': '/home/hsiutsu/ros2_ws/src/ros2_vicon_receiver/vicon_receiver', 'symlink_install': True, 'test_result_base': None}
[0.265s] INFO:colcon.colcon_core.executor:Executing jobs using 'parallel' executor
[0.269s] DEBUG:colcon.colcon_parallel_executor.executor.parallel:run_until_complete
[0.269s] INFO:colcon.colcon_ros.task.ament_cmake.build:Building ROS package in '/home/hsiutsu/ros2_ws/src/ros2_vicon_receiver/vicon_receiver' with build type 'ament_cmake'
[0.269s] INFO:colcon.colcon_cmake.task.cmake.build:Building CMake package in '/home/hsiutsu/ros2_ws/src/ros2_vicon_receiver/vicon_receiver'
[0.273s] INFO:colcon.colcon_core.plugin_system:Skipping extension 'colcon_core.shell.bat': Not used on non-Windows systems
[0.273s] INFO:colcon.colcon_core.shell:Skip shell extension 'powershell' for command environment: Not usable outside of PowerShell
[0.273s] DEBUG:colcon.colcon_core.shell:Skip shell extension 'dsv' for command environment
[0.285s] DEBUG:colcon.colcon_core.event_handler.log_command:Invoking command in '/home/hsiutsu/ros2_ws/src/ros2_vicon_receiver/vicon_receiver/build/vicon_receiver': CMAKE_PREFIX_PATH=${CMAKE_PREFIX_PATH}:/opt/ros/galactic /usr/bin/cmake --build /home/hsiutsu/ros2_ws/src/ros2_vicon_receiver/vicon_receiver/build/vicon_receiver -- -j8 -l8
[5.209s] DEBUG:colcon.colcon_core.event_handler.log_command:Invoked command in '/home/hsiutsu/ros2_ws/src/ros2_vicon_receiver/vicon_receiver/build/vicon_receiver' returned '2': CMAKE_PREFIX_PATH=${CMAKE_PREFIX_PATH}:/opt/ros/galactic /usr/bin/cmake --build /home/hsiutsu/ros2_ws/src/ros2_vicon_receiver/vicon_receiver/build/vicon_receiver -- -j8 -l8
[5.257s] Level 1:colcon.colcon_core.environment:create_environment_scripts_only(vicon_receiver)
[5.262s] Level 1:colcon.colcon_core.environment:checking '/home/hsiutsu/ros2_ws/src/ros2_vicon_receiver/vicon_receiver/install/vicon_receiver' for CMake module files
[5.263s] Level 1:colcon.colcon_core.environment:checking '/home/hsiutsu/ros2_ws/src/ros2_vicon_receiver/vicon_receiver/install/vicon_receiver' for CMake config files
[5.263s] Level 1:colcon.colcon_core.shell:create_environment_hook('vicon_receiver', 'cmake_prefix_path')
[5.265s] INFO:colcon.colcon_core.shell:Creating environment hook '/home/hsiutsu/ros2_ws/src/ros2_vicon_receiver/vicon_receiver/install/vicon_receiver/share/vicon_receiver/hook/cmake_prefix_path.ps1'
[5.266s] INFO:colcon.colcon_core.shell:Creating environment descriptor '/home/hsiutsu/ros2_ws/src/ros2_vicon_receiver/vicon_receiver/install/vicon_receiver/share/vicon_receiver/hook/cmake_prefix_path.dsv'
[5.266s] INFO:colcon.colcon_core.shell:Creating environment hook '/home/hsiutsu/ros2_ws/src/ros2_vicon_receiver/vicon_receiver/install/vicon_receiver/share/vicon_receiver/hook/cmake_prefix_path.sh'
[5.267s] Level 1:colcon.colcon_core.environment:checking '/home/hsiutsu/ros2_ws/src/ros2_vicon_receiver/vicon_receiver/install/vicon_receiver/lib'
[5.267s] Level 1:colcon.colcon_core.shell:create_environment_hook('vicon_receiver', 'ld_library_path_lib')
[5.269s] INFO:colcon.colcon_core.shell:Creating environment hook '/home/hsiutsu/ros2_ws/src/ros2_vicon_receiver/vicon_receiver/install/vicon_receiver/share/vicon_receiver/hook/ld_library_path_lib.ps1'
[5.269s] INFO:colcon.colcon_core.shell:Creating environment descriptor '/home/hsiutsu/ros2_ws/src/ros2_vicon_receiver/vicon_receiver/install/vicon_receiver/share/vicon_receiver/hook/ld_library_path_lib.dsv'
[5.269s] INFO:colcon.colcon_core.shell:Creating environment hook '/home/hsiutsu/ros2_ws/src/ros2_vicon_receiver/vicon_receiver/install/vicon_receiver/share/vicon_receiver/hook/ld_library_path_lib.sh'
[5.270s] Level 1:colcon.colcon_core.environment:checking '/home/hsiutsu/ros2_ws/src/ros2_vicon_receiver/vicon_receiver/install/vicon_receiver/bin'
[5.270s] Level 1:colcon.colcon_core.environment:checking '/home/hsiutsu/ros2_ws/src/ros2_vicon_receiver/vicon_receiver/install/vicon_receiver/lib/pkgconfig/vicon_receiver.pc'
[5.270s] Level 1:colcon.colcon_core.environment:checking '/home/hsiutsu/ros2_ws/src/ros2_vicon_receiver/vicon_receiver/install/vicon_receiver/lib/python3.8/site-packages'
[5.270s] Level 1:colcon.colcon_core.shell:create_environment_hook('vicon_receiver', 'pythonpath')
[5.271s] INFO:colcon.colcon_core.shell:Creating environment hook '/home/hsiutsu/ros2_ws/src/ros2_vicon_receiver/vicon_receiver/install/vicon_receiver/share/vicon_receiver/hook/pythonpath.ps1'
[5.272s] INFO:colcon.colcon_core.shell:Creating environment descriptor '/home/hsiutsu/ros2_ws/src/ros2_vicon_receiver/vicon_receiver/install/vicon_receiver/share/vicon_receiver/hook/pythonpath.dsv'
[5.272s] INFO:colcon.colcon_core.shell:Creating environment hook '/home/hsiutsu/ros2_ws/src/ros2_vicon_receiver/vicon_receiver/install/vicon_receiver/share/vicon_receiver/hook/pythonpath.sh'
[5.272s] Level 1:colcon.colcon_core.environment:checking '/home/hsiutsu/ros2_ws/src/ros2_vicon_receiver/vicon_receiver/install/vicon_receiver/bin'
[5.274s] INFO:colcon.colcon_core.shell:Creating package script '/home/hsiutsu/ros2_ws/src/ros2_vicon_receiver/vicon_receiver/install/vicon_receiver/share/vicon_receiver/package.ps1'
[5.274s] INFO:colcon.colcon_core.shell:Creating package descriptor '/home/hsiutsu/ros2_ws/src/ros2_vicon_receiver/vicon_receiver/install/vicon_receiver/share/vicon_receiver/package.dsv'
[5.275s] INFO:colcon.colcon_core.shell:Creating package script '/home/hsiutsu/ros2_ws/src/ros2_vicon_receiver/vicon_receiver/install/vicon_receiver/share/vicon_receiver/package.sh'
[5.276s] INFO:colcon.colcon_core.shell:Creating package script '/home/hsiutsu/ros2_ws/src/ros2_vicon_receiver/vicon_receiver/install/vicon_receiver/share/vicon_receiver/package.bash'
[5.278s] INFO:colcon.colcon_core.shell:Creating package script '/home/hsiutsu/ros2_ws/src/ros2_vicon_receiver/vicon_receiver/install/vicon_receiver/share/vicon_receiver/package.zsh'
[5.278s] Level 1:colcon.colcon_core.environment:create_file_with_runtime_dependencies(/home/hsiutsu/ros2_ws/src/ros2_vicon_receiver/vicon_receiver/install/vicon_receiver/share/colcon-core/packages/vicon_receiver)
[5.289s] DEBUG:colcon.colcon_parallel_executor.executor.parallel:closing loop
[5.289s] DEBUG:colcon.colcon_parallel_executor.executor.parallel:loop closed
[5.289s] DEBUG:colcon.colcon_parallel_executor.executor.parallel:run_until_complete finished with '2'
[5.290s] DEBUG:colcon.colcon_core.event_reactor:joining thread
[5.302s] INFO:colcon.colcon_core.plugin_system:Skipping extension 'colcon_notification.desktop_notification.terminal_notifier': Not used on non-Darwin systems
[5.302s] INFO:colcon.colcon_core.plugin_system:Skipping extension 'colcon_notification.desktop_notification.win32': Not used on non-Windows systems
[5.302s] INFO:colcon.colcon_notification.desktop_notification:Sending desktop notification using 'notify2'
[5.323s] DEBUG:colcon.colcon_core.event_reactor:joined thread
[5.324s] INFO:colcon.colcon_core.shell:Creating prefix script '/home/hsiutsu/ros2_ws/src/ros2_vicon_receiver/vicon_receiver/install/local_setup.ps1'
[5.325s] INFO:colcon.colcon_core.shell:Creating prefix util module '/home/hsiutsu/ros2_ws/src/ros2_vicon_receiver/vicon_receiver/install/_local_setup_util_ps1.py'
[5.326s] INFO:colcon.colcon_core.shell:Creating prefix chain script '/home/hsiutsu/ros2_ws/src/ros2_vicon_receiver/vicon_receiver/install/setup.ps1'
[5.328s] INFO:colcon.colcon_core.shell:Creating prefix script '/home/hsiutsu/ros2_ws/src/ros2_vicon_receiver/vicon_receiver/install/local_setup.sh'
[5.328s] INFO:colcon.colcon_core.shell:Creating prefix util module '/home/hsiutsu/ros2_ws/src/ros2_vicon_receiver/vicon_receiver/install/_local_setup_util_sh.py'
[5.329s] INFO:colcon.colcon_core.shell:Creating prefix chain script '/home/hsiutsu/ros2_ws/src/ros2_vicon_receiver/vicon_receiver/install/setup.sh'
[5.330s] INFO:colcon.colcon_core.shell:Creating prefix script '/home/hsiutsu/ros2_ws/src/ros2_vicon_receiver/vicon_receiver/install/local_setup.bash'
[5.330s] INFO:colcon.colcon_core.shell:Creating prefix chain script '/home/hsiutsu/ros2_ws/src/ros2_vicon_receiver/vicon_receiver/install/setup.bash'
[5.331s] INFO:colcon.colcon_core.shell:Creating prefix script '/home/hsiutsu/ros2_ws/src/ros2_vicon_receiver/vicon_receiver/install/local_setup.zsh'
[5.332s] INFO:colcon.colcon_core.shell:Creating prefix chain script '/home/hsiutsu/ros2_ws/src/ros2_vicon_receiver/vicon_receiver/install/setup.zsh'
