[0.013s] Invoking command in '/home/hsiutsu/ros2_ws/src/ros2_vicon_receiver/build/vicon_receiver': CMAKE_PREFIX_PATH=${CMAKE_PREFIX_PATH}:/opt/ros/galactic /usr/bin/cmake --build /home/hsiutsu/ros2_ws/src/ros2_vicon_receiver/build/vicon_receiver -- -j8 -l8
[0.066s] [  8%] Built target vicon_receiver__cpp
[0.067s] [ 11%] Built target vicon_receiver__rosidl_generator_c
[0.086s] [ 26%] Built target vicon_receiver__rosidl_typesupport_introspection_cpp
[0.086s] [ 29%] Built target vicon_receiver__rosidl_typesupport_cpp
[0.089s] [ 38%] Built target vicon_receiver__rosidl_typesupport_fastrtps_cpp
[0.106s] [ 55%] Built target vicon_receiver__rosidl_typesupport_introspection_c
[0.106s] [ 55%] Built target vicon_receiver__rosidl_typesupport_c
[0.109s] [ 64%] Built target vicon_receiver__rosidl_typesupport_fastrtps_c
[0.128s] [ 64%] Built target vicon_receiver
[0.144s] [35m[1mScanning dependencies of target vicon_client[0m
[0.151s] [ 67%] Built target vicon_receiver__py
[0.176s] [ 79%] [32mBuilding CXX object CMakeFiles/vicon_client.dir/src/vicon_receiver/publisher.cpp.o[0m
[0.176s] [ 79%] [32mBuilding CXX object CMakeFiles/vicon_client.dir/src/vicon_receiver/communicator.cpp.o[0m
[0.176s] [ 79%] Built target vicon_receiver__python
[0.199s] [ 85%] Built target vicon_receiver__rosidl_typesupport_c__pyext
[0.203s] [ 91%] Built target vicon_receiver__rosidl_typesupport_fastrtps_c__pyext
[0.203s] [ 97%] Built target vicon_receiver__rosidl_typesupport_introspection_c__pyext
[4.713s] [100%] [32m[1mLinking CXX executable vicon_client[0m
[5.369s] [100%] Built target vicon_client
[5.380s] Invoked command in '/home/hsiutsu/ros2_ws/src/ros2_vicon_receiver/build/vicon_receiver' returned '0': CMAKE_PREFIX_PATH=${CMAKE_PREFIX_PATH}:/opt/ros/galactic /usr/bin/cmake --build /home/hsiutsu/ros2_ws/src/ros2_vicon_receiver/build/vicon_receiver -- -j8 -l8
[5.437s] Invoking command in '/home/hsiutsu/ros2_ws/src/ros2_vicon_receiver/build/vicon_receiver': CMAKE_PREFIX_PATH=${CMAKE_PREFIX_PATH}:/opt/ros/galactic /usr/bin/cmake --install /home/hsiutsu/ros2_ws/src/ros2_vicon_receiver/build/vicon_receiver
[5.445s] -- Install configuration: ""
[5.446s] -- Execute custom install script
[5.446s] -- Up-to-date symlink: /home/hsiutsu/ros2_ws/src/ros2_vicon_receiver/install/vicon_receiver/share/ament_index/resource_index/rosidl_interfaces/vicon_receiver
[5.447s] -- Up-to-date symlink: /home/hsiutsu/ros2_ws/src/ros2_vicon_receiver/install/vicon_receiver/include/vicon_receiver/msg/detail/position__functions.h
[5.447s] -- Up-to-date symlink: /home/hsiutsu/ros2_ws/src/ros2_vicon_receiver/install/vicon_receiver/include/vicon_receiver/msg/detail/position__struct.h
[5.447s] -- Up-to-date symlink: /home/hsiutsu/ros2_ws/src/ros2_vicon_receiver/install/vicon_receiver/include/vicon_receiver/msg/detail/position__type_support.h
[5.447s] -- Up-to-date symlink: /home/hsiutsu/ros2_ws/src/ros2_vicon_receiver/install/vicon_receiver/include/vicon_receiver/msg/position.h
[5.448s] -- Up-to-date symlink: /home/hsiutsu/ros2_ws/src/ros2_vicon_receiver/install/vicon_receiver/include/vicon_receiver/msg/rosidl_generator_c__visibility_control.h
[5.448s] -- Up-to-date symlink: /home/hsiutsu/ros2_ws/src/ros2_vicon_receiver/install/vicon_receiver/share/vicon_receiver/environment/library_path.sh
[5.448s] -- Up-to-date symlink: /home/hsiutsu/ros2_ws/src/ros2_vicon_receiver/install/vicon_receiver/share/vicon_receiver/environment/library_path.dsv
[5.449s] -- Up-to-date symlink: /home/hsiutsu/ros2_ws/src/ros2_vicon_receiver/install/vicon_receiver/include/vicon_receiver/msg/detail/position__rosidl_typesupport_fastrtps_c.h
[5.449s] -- Up-to-date symlink: /home/hsiutsu/ros2_ws/src/ros2_vicon_receiver/install/vicon_receiver/include/vicon_receiver/msg/rosidl_typesupport_fastrtps_c__visibility_control.h
[5.449s] -- Up-to-date symlink: /home/hsiutsu/ros2_ws/src/ros2_vicon_receiver/install/vicon_receiver/lib/libvicon_receiver__rosidl_typesupport_fastrtps_c.so
[5.450s] -- Up-to-date symlink: /home/hsiutsu/ros2_ws/src/ros2_vicon_receiver/install/vicon_receiver/include/vicon_receiver/msg/detail/position__rosidl_typesupport_fastrtps_cpp.hpp
[5.450s] -- Up-to-date symlink: /home/hsiutsu/ros2_ws/src/ros2_vicon_receiver/install/vicon_receiver/include/vicon_receiver/msg/rosidl_typesupport_fastrtps_cpp__visibility_control.h
[5.451s] -- Up-to-date symlink: /home/hsiutsu/ros2_ws/src/ros2_vicon_receiver/install/vicon_receiver/lib/libvicon_receiver__rosidl_typesupport_fastrtps_cpp.so
[5.451s] -- Up-to-date symlink: /home/hsiutsu/ros2_ws/src/ros2_vicon_receiver/install/vicon_receiver/include/vicon_receiver/msg/detail/position__rosidl_typesupport_introspection_c.h
[5.451s] -- Up-to-date symlink: /home/hsiutsu/ros2_ws/src/ros2_vicon_receiver/install/vicon_receiver/include/vicon_receiver/msg/rosidl_typesupport_introspection_c__visibility_control.h
[5.452s] -- Up-to-date symlink: /home/hsiutsu/ros2_ws/src/ros2_vicon_receiver/install/vicon_receiver/include/vicon_receiver/msg/detail/position__builder.hpp
[5.452s] -- Up-to-date symlink: /home/hsiutsu/ros2_ws/src/ros2_vicon_receiver/install/vicon_receiver/include/vicon_receiver/msg/detail/position__struct.hpp
[5.452s] -- Up-to-date symlink: /home/hsiutsu/ros2_ws/src/ros2_vicon_receiver/install/vicon_receiver/include/vicon_receiver/msg/detail/position__traits.hpp
[5.452s] -- Up-to-date symlink: /home/hsiutsu/ros2_ws/src/ros2_vicon_receiver/install/vicon_receiver/include/vicon_receiver/msg/position.hpp
[5.453s] -- Up-to-date symlink: /home/hsiutsu/ros2_ws/src/ros2_vicon_receiver/install/vicon_receiver/include/vicon_receiver/msg/detail/position__rosidl_typesupport_introspection_cpp.hpp
[5.453s] -- Up-to-date symlink: /home/hsiutsu/ros2_ws/src/ros2_vicon_receiver/install/vicon_receiver/share/vicon_receiver/environment/pythonpath.sh
[5.453s] -- Up-to-date symlink: /home/hsiutsu/ros2_ws/src/ros2_vicon_receiver/install/vicon_receiver/share/vicon_receiver/environment/pythonpath.dsv
[5.454s] -- Up-to-date symlink: /home/hsiutsu/ros2_ws/src/ros2_vicon_receiver/install/vicon_receiver/lib/python3.8/site-packages/vicon_receiver/__init__.py
[5.454s] -- Up-to-date symlink: /home/hsiutsu/ros2_ws/src/ros2_vicon_receiver/install/vicon_receiver/lib/python3.8/site-packages/vicon_receiver/msg/__init__.py
[5.454s] -- Up-to-date symlink: /home/hsiutsu/ros2_ws/src/ros2_vicon_receiver/install/vicon_receiver/lib/python3.8/site-packages/vicon_receiver/msg/_position.py
[5.455s] -- Up-to-date symlink: /home/hsiutsu/ros2_ws/src/ros2_vicon_receiver/install/vicon_receiver/lib/python3.8/site-packages/vicon_receiver/vicon_receiver_s__rosidl_typesupport_fastrtps_c.cpython-38-x86_64-linux-gnu.so
[5.455s] -- Up-to-date symlink: /home/hsiutsu/ros2_ws/src/ros2_vicon_receiver/install/vicon_receiver/lib/python3.8/site-packages/vicon_receiver/vicon_receiver_s__rosidl_typesupport_introspection_c.cpython-38-x86_64-linux-gnu.so
[5.456s] -- Up-to-date symlink: /home/hsiutsu/ros2_ws/src/ros2_vicon_receiver/install/vicon_receiver/lib/python3.8/site-packages/vicon_receiver/vicon_receiver_s__rosidl_typesupport_c.cpython-38-x86_64-linux-gnu.so
[5.456s] -- Up-to-date symlink: /home/hsiutsu/ros2_ws/src/ros2_vicon_receiver/install/vicon_receiver/lib/libvicon_receiver__python.so
[5.456s] -- Up-to-date symlink: /home/hsiutsu/ros2_ws/src/ros2_vicon_receiver/install/vicon_receiver/share/vicon_receiver/msg/Position.idl
[5.457s] -- Up-to-date symlink: /home/hsiutsu/ros2_ws/src/ros2_vicon_receiver/install/vicon_receiver/share/vicon_receiver/msg/Position.msg
[5.457s] -- Up-to-date symlink: /home/hsiutsu/ros2_ws/src/ros2_vicon_receiver/install/vicon_receiver/lib/vicon_receiver/vicon_client
[5.457s] -- Up-to-date symlink: /home/hsiutsu/ros2_ws/src/ros2_vicon_receiver/install/vicon_receiver/share/vicon_receiver//launch/client.launch.py
[5.458s] -- Up-to-date symlink: /home/hsiutsu/ros2_ws/src/ros2_vicon_receiver/install/vicon_receiver/share/ament_index/resource_index/package_run_dependencies/vicon_receiver
[5.458s] -- Up-to-date symlink: /home/hsiutsu/ros2_ws/src/ros2_vicon_receiver/install/vicon_receiver/share/ament_index/resource_index/parent_prefix_path/vicon_receiver
[5.458s] -- Up-to-date symlink: /home/hsiutsu/ros2_ws/src/ros2_vicon_receiver/install/vicon_receiver/share/vicon_receiver/environment/ament_prefix_path.sh
[5.459s] -- Up-to-date symlink: /home/hsiutsu/ros2_ws/src/ros2_vicon_receiver/install/vicon_receiver/share/vicon_receiver/environment/ament_prefix_path.dsv
[5.459s] -- Up-to-date symlink: /home/hsiutsu/ros2_ws/src/ros2_vicon_receiver/install/vicon_receiver/share/vicon_receiver/environment/path.sh
[5.459s] -- Up-to-date symlink: /home/hsiutsu/ros2_ws/src/ros2_vicon_receiver/install/vicon_receiver/share/vicon_receiver/environment/path.dsv
[5.459s] -- Up-to-date symlink: /home/hsiutsu/ros2_ws/src/ros2_vicon_receiver/install/vicon_receiver/share/vicon_receiver/local_setup.bash
[5.460s] -- Up-to-date symlink: /home/hsiutsu/ros2_ws/src/ros2_vicon_receiver/install/vicon_receiver/share/vicon_receiver/local_setup.sh
[5.460s] -- Up-to-date symlink: /home/hsiutsu/ros2_ws/src/ros2_vicon_receiver/install/vicon_receiver/share/vicon_receiver/local_setup.zsh
[5.460s] -- Up-to-date symlink: /home/hsiutsu/ros2_ws/src/ros2_vicon_receiver/install/vicon_receiver/share/vicon_receiver/local_setup.dsv
[5.460s] -- Symlinking: /home/hsiutsu/ros2_ws/src/ros2_vicon_receiver/install/vicon_receiver/share/vicon_receiver/package.dsv
[5.471s] -- Up-to-date symlink: /home/hsiutsu/ros2_ws/src/ros2_vicon_receiver/install/vicon_receiver/share/ament_index/resource_index/packages/vicon_receiver
[5.471s] -- Up-to-date symlink: /home/hsiutsu/ros2_ws/src/ros2_vicon_receiver/install/vicon_receiver/share/vicon_receiver/cmake/rosidl_cmake-extras.cmake
[5.471s] -- Up-to-date symlink: /home/hsiutsu/ros2_ws/src/ros2_vicon_receiver/install/vicon_receiver/share/vicon_receiver/cmake/ament_cmake_export_dependencies-extras.cmake
[5.471s] -- Up-to-date symlink: /home/hsiutsu/ros2_ws/src/ros2_vicon_receiver/install/vicon_receiver/share/vicon_receiver/cmake/ament_cmake_export_libraries-extras.cmake
[5.472s] -- Up-to-date symlink: /home/hsiutsu/ros2_ws/src/ros2_vicon_receiver/install/vicon_receiver/share/vicon_receiver/cmake/ament_cmake_export_targets-extras.cmake
[5.472s] -- Up-to-date symlink: /home/hsiutsu/ros2_ws/src/ros2_vicon_receiver/install/vicon_receiver/share/vicon_receiver/cmake/ament_cmake_export_include_directories-extras.cmake
[5.472s] -- Up-to-date symlink: /home/hsiutsu/ros2_ws/src/ros2_vicon_receiver/install/vicon_receiver/share/vicon_receiver/cmake/rosidl_cmake_export_typesupport_libraries-extras.cmake
[5.472s] -- Up-to-date symlink: /home/hsiutsu/ros2_ws/src/ros2_vicon_receiver/install/vicon_receiver/share/vicon_receiver/cmake/rosidl_cmake_export_typesupport_targets-extras.cmake
[5.473s] -- Up-to-date symlink: /home/hsiutsu/ros2_ws/src/ros2_vicon_receiver/install/vicon_receiver/share/vicon_receiver/cmake/vicon_receiverConfig.cmake
[5.473s] -- Up-to-date symlink: /home/hsiutsu/ros2_ws/src/ros2_vicon_receiver/install/vicon_receiver/share/vicon_receiver/cmake/vicon_receiverConfig-version.cmake
[5.473s] -- Up-to-date symlink: /home/hsiutsu/ros2_ws/src/ros2_vicon_receiver/install/vicon_receiver/share/vicon_receiver/package.xml
[5.473s] -- Up-to-date: /home/hsiutsu/ros2_ws/src/ros2_vicon_receiver/install/vicon_receiver/lib/libvicon_receiver__rosidl_generator_c.so
[5.474s] -- Up-to-date: /home/hsiutsu/ros2_ws/src/ros2_vicon_receiver/install/vicon_receiver/lib/libvicon_receiver__rosidl_typesupport_introspection_c.so
[5.474s] -- Up-to-date: /home/hsiutsu/ros2_ws/src/ros2_vicon_receiver/install/vicon_receiver/lib/libvicon_receiver__rosidl_typesupport_c.so
[5.475s] -- Up-to-date: /home/hsiutsu/ros2_ws/src/ros2_vicon_receiver/install/vicon_receiver/lib/libvicon_receiver__rosidl_typesupport_introspection_cpp.so
[5.475s] -- Up-to-date: /home/hsiutsu/ros2_ws/src/ros2_vicon_receiver/install/vicon_receiver/lib/libvicon_receiver__rosidl_typesupport_cpp.so
[5.508s] -- Up-to-date: /home/hsiutsu/ros2_ws/src/ros2_vicon_receiver/install/vicon_receiver/share/vicon_receiver/cmake/vicon_receiver__rosidl_generator_cExport.cmake
[5.508s] -- Up-to-date: /home/hsiutsu/ros2_ws/src/ros2_vicon_receiver/install/vicon_receiver/share/vicon_receiver/cmake/vicon_receiver__rosidl_generator_cExport-noconfig.cmake
[5.508s] -- Up-to-date: /home/hsiutsu/ros2_ws/src/ros2_vicon_receiver/install/vicon_receiver/share/vicon_receiver/cmake/vicon_receiver__rosidl_typesupport_introspection_cExport.cmake
[5.509s] -- Up-to-date: /home/hsiutsu/ros2_ws/src/ros2_vicon_receiver/install/vicon_receiver/share/vicon_receiver/cmake/vicon_receiver__rosidl_typesupport_introspection_cExport-noconfig.cmake
[5.509s] -- Up-to-date: /home/hsiutsu/ros2_ws/src/ros2_vicon_receiver/install/vicon_receiver/share/vicon_receiver/cmake/vicon_receiver__rosidl_typesupport_cExport.cmake
[5.509s] -- Up-to-date: /home/hsiutsu/ros2_ws/src/ros2_vicon_receiver/install/vicon_receiver/share/vicon_receiver/cmake/vicon_receiver__rosidl_typesupport_cExport-noconfig.cmake
[5.509s] -- Up-to-date: /home/hsiutsu/ros2_ws/src/ros2_vicon_receiver/install/vicon_receiver/share/vicon_receiver/cmake/vicon_receiver__rosidl_generator_cppExport.cmake
[5.509s] -- Up-to-date: /home/hsiutsu/ros2_ws/src/ros2_vicon_receiver/install/vicon_receiver/share/vicon_receiver/cmake/vicon_receiver__rosidl_typesupport_introspection_cppExport.cmake
[5.509s] -- Up-to-date: /home/hsiutsu/ros2_ws/src/ros2_vicon_receiver/install/vicon_receiver/share/vicon_receiver/cmake/vicon_receiver__rosidl_typesupport_introspection_cppExport-noconfig.cmake
[5.509s] -- Up-to-date: /home/hsiutsu/ros2_ws/src/ros2_vicon_receiver/install/vicon_receiver/share/vicon_receiver/cmake/vicon_receiver__rosidl_typesupport_cppExport.cmake
[5.509s] -- Up-to-date: /home/hsiutsu/ros2_ws/src/ros2_vicon_receiver/install/vicon_receiver/share/vicon_receiver/cmake/vicon_receiver__rosidl_typesupport_cppExport-noconfig.cmake
[5.512s] Invoked command in '/home/hsiutsu/ros2_ws/src/ros2_vicon_receiver/build/vicon_receiver' returned '0': CMAKE_PREFIX_PATH=${CMAKE_PREFIX_PATH}:/opt/ros/galactic /usr/bin/cmake --install /home/hsiutsu/ros2_ws/src/ros2_vicon_receiver/build/vicon_receiver
