[0.016s] Invoking command in '/home/hsiutsu/ros2_ws/src/ros2_vicon_receiver/build/vicon_receiver': CMAKE_PREFIX_PATH=${CMAKE_PREFIX_PATH}:/opt/ros/galactic /usr/bin/cmake --build /home/hsiutsu/ros2_ws/src/ros2_vicon_receiver/build/vicon_receiver -- -j8 -l8
[0.071s] [  8%] Built target vicon_receiver__cpp
[0.071s] [ 11%] Built target vicon_receiver__rosidl_generator_c
[0.091s] [ 32%] Built target vicon_receiver__rosidl_typesupport_c
[0.091s] [ 38%] Built target vicon_receiver__rosidl_typesupport_introspection_cpp
[0.091s] [ 38%] Built target vicon_receiver__rosidl_typesupport_introspection_c
[0.111s] [ 47%] Built target vicon_receiver__rosidl_typesupport_cpp
[0.114s] [ 55%] Built target vicon_receiver__rosidl_typesupport_fastrtps_cpp
[0.142s] [ 64%] Built target vicon_receiver__rosidl_typesupport_fastrtps_c
[0.166s] [ 64%] Built target vicon_receiver
[0.177s] [35m[1mScanning dependencies of target vicon_client[0m
[0.185s] [ 67%] Built target vicon_receiver__py
[0.208s] [ 73%] Built target vicon_receiver__python
[0.214s] [ 76%] [32mBuilding CXX object CMakeFiles/vicon_client.dir/src/publisher.cpp.o[0m
[0.232s] [ 88%] Built target vicon_receiver__rosidl_typesupport_introspection_c__pyext
[0.233s] [ 88%] Built target vicon_receiver__rosidl_typesupport_fastrtps_c__pyext
[0.233s] [ 94%] Built target vicon_receiver__rosidl_typesupport_c__pyext
[4.714s] [ 97%] [32m[1mLinking CXX executable vicon_client[0m
[4.947s] [100%] Built target vicon_client
[4.958s] Invoked command in '/home/hsiutsu/ros2_ws/src/ros2_vicon_receiver/build/vicon_receiver' returned '0': CMAKE_PREFIX_PATH=${CMAKE_PREFIX_PATH}:/opt/ros/galactic /usr/bin/cmake --build /home/hsiutsu/ros2_ws/src/ros2_vicon_receiver/build/vicon_receiver -- -j8 -l8
[5.019s] Invoking command in '/home/hsiutsu/ros2_ws/src/ros2_vicon_receiver/build/vicon_receiver': CMAKE_PREFIX_PATH=${CMAKE_PREFIX_PATH}:/opt/ros/galactic /usr/bin/cmake --install /home/hsiutsu/ros2_ws/src/ros2_vicon_receiver/build/vicon_receiver
[5.026s] -- Install configuration: ""
[5.027s] -- Execute custom install script
[5.027s] -- Up-to-date symlink: /home/hsiutsu/ros2_ws/src/ros2_vicon_receiver/install/vicon_receiver/share/ament_index/resource_index/rosidl_interfaces/vicon_receiver
[5.028s] -- Up-to-date symlink: /home/hsiutsu/ros2_ws/src/ros2_vicon_receiver/install/vicon_receiver/include/vicon_receiver/msg/detail/position__functions.h
[5.028s] -- Up-to-date symlink: /home/hsiutsu/ros2_ws/src/ros2_vicon_receiver/install/vicon_receiver/include/vicon_receiver/msg/detail/position__struct.h
[5.028s] -- Up-to-date symlink: /home/hsiutsu/ros2_ws/src/ros2_vicon_receiver/install/vicon_receiver/include/vicon_receiver/msg/detail/position__type_support.h
[5.029s] -- Up-to-date symlink: /home/hsiutsu/ros2_ws/src/ros2_vicon_receiver/install/vicon_receiver/include/vicon_receiver/msg/position.h
[5.029s] -- Up-to-date symlink: /home/hsiutsu/ros2_ws/src/ros2_vicon_receiver/install/vicon_receiver/include/vicon_receiver/msg/rosidl_generator_c__visibility_control.h
[5.029s] -- Up-to-date symlink: /home/hsiutsu/ros2_ws/src/ros2_vicon_receiver/install/vicon_receiver/share/vicon_receiver/environment/library_path.sh
[5.030s] -- Up-to-date symlink: /home/hsiutsu/ros2_ws/src/ros2_vicon_receiver/install/vicon_receiver/share/vicon_receiver/environment/library_path.dsv
[5.030s] -- Up-to-date symlink: /home/hsiutsu/ros2_ws/src/ros2_vicon_receiver/install/vicon_receiver/include/vicon_receiver/msg/detail/position__rosidl_typesupport_fastrtps_c.h
[5.031s] -- Up-to-date symlink: /home/hsiutsu/ros2_ws/src/ros2_vicon_receiver/install/vicon_receiver/include/vicon_receiver/msg/rosidl_typesupport_fastrtps_c__visibility_control.h
[5.031s] -- Up-to-date symlink: /home/hsiutsu/ros2_ws/src/ros2_vicon_receiver/install/vicon_receiver/lib/libvicon_receiver__rosidl_typesupport_fastrtps_c.so
[5.032s] -- Up-to-date symlink: /home/hsiutsu/ros2_ws/src/ros2_vicon_receiver/install/vicon_receiver/include/vicon_receiver/msg/detail/position__rosidl_typesupport_fastrtps_cpp.hpp
[5.032s] -- Up-to-date symlink: /home/hsiutsu/ros2_ws/src/ros2_vicon_receiver/install/vicon_receiver/include/vicon_receiver/msg/rosidl_typesupport_fastrtps_cpp__visibility_control.h
[5.032s] -- Up-to-date symlink: /home/hsiutsu/ros2_ws/src/ros2_vicon_receiver/install/vicon_receiver/lib/libvicon_receiver__rosidl_typesupport_fastrtps_cpp.so
[5.033s] -- Up-to-date symlink: /home/hsiutsu/ros2_ws/src/ros2_vicon_receiver/install/vicon_receiver/include/vicon_receiver/msg/detail/position__rosidl_typesupport_introspection_c.h
[5.033s] -- Up-to-date symlink: /home/hsiutsu/ros2_ws/src/ros2_vicon_receiver/install/vicon_receiver/include/vicon_receiver/msg/rosidl_typesupport_introspection_c__visibility_control.h
[5.033s] -- Up-to-date symlink: /home/hsiutsu/ros2_ws/src/ros2_vicon_receiver/install/vicon_receiver/include/vicon_receiver/msg/detail/position__builder.hpp
[5.033s] -- Up-to-date symlink: /home/hsiutsu/ros2_ws/src/ros2_vicon_receiver/install/vicon_receiver/include/vicon_receiver/msg/detail/position__struct.hpp
[5.034s] -- Up-to-date symlink: /home/hsiutsu/ros2_ws/src/ros2_vicon_receiver/install/vicon_receiver/include/vicon_receiver/msg/detail/position__traits.hpp
[5.034s] -- Up-to-date symlink: /home/hsiutsu/ros2_ws/src/ros2_vicon_receiver/install/vicon_receiver/include/vicon_receiver/msg/position.hpp
[5.034s] -- Up-to-date symlink: /home/hsiutsu/ros2_ws/src/ros2_vicon_receiver/install/vicon_receiver/include/vicon_receiver/msg/detail/position__rosidl_typesupport_introspection_cpp.hpp
[5.035s] -- Up-to-date symlink: /home/hsiutsu/ros2_ws/src/ros2_vicon_receiver/install/vicon_receiver/share/vicon_receiver/environment/pythonpath.sh
[5.035s] -- Up-to-date symlink: /home/hsiutsu/ros2_ws/src/ros2_vicon_receiver/install/vicon_receiver/share/vicon_receiver/environment/pythonpath.dsv
[5.035s] -- Up-to-date symlink: /home/hsiutsu/ros2_ws/src/ros2_vicon_receiver/install/vicon_receiver/lib/python3.8/site-packages/vicon_receiver/__init__.py
[5.036s] -- Up-to-date symlink: /home/hsiutsu/ros2_ws/src/ros2_vicon_receiver/install/vicon_receiver/lib/python3.8/site-packages/vicon_receiver/msg/__init__.py
[5.036s] -- Up-to-date symlink: /home/hsiutsu/ros2_ws/src/ros2_vicon_receiver/install/vicon_receiver/lib/python3.8/site-packages/vicon_receiver/msg/_position.py
[5.036s] -- Up-to-date symlink: /home/hsiutsu/ros2_ws/src/ros2_vicon_receiver/install/vicon_receiver/lib/python3.8/site-packages/vicon_receiver/vicon_receiver_s__rosidl_typesupport_fastrtps_c.cpython-38-x86_64-linux-gnu.so
[5.037s] -- Up-to-date symlink: /home/hsiutsu/ros2_ws/src/ros2_vicon_receiver/install/vicon_receiver/lib/python3.8/site-packages/vicon_receiver/vicon_receiver_s__rosidl_typesupport_introspection_c.cpython-38-x86_64-linux-gnu.so
[5.037s] -- Up-to-date symlink: /home/hsiutsu/ros2_ws/src/ros2_vicon_receiver/install/vicon_receiver/lib/python3.8/site-packages/vicon_receiver/vicon_receiver_s__rosidl_typesupport_c.cpython-38-x86_64-linux-gnu.so
[5.038s] -- Up-to-date symlink: /home/hsiutsu/ros2_ws/src/ros2_vicon_receiver/install/vicon_receiver/lib/libvicon_receiver__python.so
[5.038s] -- Up-to-date symlink: /home/hsiutsu/ros2_ws/src/ros2_vicon_receiver/install/vicon_receiver/share/vicon_receiver/msg/Position.idl
[5.038s] -- Up-to-date symlink: /home/hsiutsu/ros2_ws/src/ros2_vicon_receiver/install/vicon_receiver/share/vicon_receiver/msg/Position.msg
[5.038s] -- Up-to-date symlink: /home/hsiutsu/ros2_ws/src/ros2_vicon_receiver/install/vicon_receiver/lib/vicon_receiver/vicon_client
[5.039s] -- Up-to-date symlink: /home/hsiutsu/ros2_ws/src/ros2_vicon_receiver/install/vicon_receiver/share/vicon_receiver//launch/client.launch.py
[5.039s] -- Up-to-date symlink: /home/hsiutsu/ros2_ws/src/ros2_vicon_receiver/install/vicon_receiver/share/ament_index/resource_index/package_run_dependencies/vicon_receiver
[5.040s] -- Up-to-date symlink: /home/hsiutsu/ros2_ws/src/ros2_vicon_receiver/install/vicon_receiver/share/ament_index/resource_index/parent_prefix_path/vicon_receiver
[5.040s] -- Up-to-date symlink: /home/hsiutsu/ros2_ws/src/ros2_vicon_receiver/install/vicon_receiver/share/vicon_receiver/environment/ament_prefix_path.sh
[5.040s] -- Up-to-date symlink: /home/hsiutsu/ros2_ws/src/ros2_vicon_receiver/install/vicon_receiver/share/vicon_receiver/environment/ament_prefix_path.dsv
[5.040s] -- Up-to-date symlink: /home/hsiutsu/ros2_ws/src/ros2_vicon_receiver/install/vicon_receiver/share/vicon_receiver/environment/path.sh
[5.041s] -- Up-to-date symlink: /home/hsiutsu/ros2_ws/src/ros2_vicon_receiver/install/vicon_receiver/share/vicon_receiver/environment/path.dsv
[5.041s] -- Up-to-date symlink: /home/hsiutsu/ros2_ws/src/ros2_vicon_receiver/install/vicon_receiver/share/vicon_receiver/local_setup.bash
[5.041s] -- Up-to-date symlink: /home/hsiutsu/ros2_ws/src/ros2_vicon_receiver/install/vicon_receiver/share/vicon_receiver/local_setup.sh
[5.041s] -- Up-to-date symlink: /home/hsiutsu/ros2_ws/src/ros2_vicon_receiver/install/vicon_receiver/share/vicon_receiver/local_setup.zsh
[5.042s] -- Up-to-date symlink: /home/hsiutsu/ros2_ws/src/ros2_vicon_receiver/install/vicon_receiver/share/vicon_receiver/local_setup.dsv
[5.042s] -- Symlinking: /home/hsiutsu/ros2_ws/src/ros2_vicon_receiver/install/vicon_receiver/share/vicon_receiver/package.dsv
[5.051s] -- Up-to-date symlink: /home/hsiutsu/ros2_ws/src/ros2_vicon_receiver/install/vicon_receiver/share/ament_index/resource_index/packages/vicon_receiver
[5.051s] -- Up-to-date symlink: /home/hsiutsu/ros2_ws/src/ros2_vicon_receiver/install/vicon_receiver/share/vicon_receiver/cmake/rosidl_cmake-extras.cmake
[5.052s] -- Up-to-date symlink: /home/hsiutsu/ros2_ws/src/ros2_vicon_receiver/install/vicon_receiver/share/vicon_receiver/cmake/ament_cmake_export_dependencies-extras.cmake
[5.052s] -- Up-to-date symlink: /home/hsiutsu/ros2_ws/src/ros2_vicon_receiver/install/vicon_receiver/share/vicon_receiver/cmake/ament_cmake_export_libraries-extras.cmake
[5.053s] -- Up-to-date symlink: /home/hsiutsu/ros2_ws/src/ros2_vicon_receiver/install/vicon_receiver/share/vicon_receiver/cmake/ament_cmake_export_targets-extras.cmake
[5.053s] -- Up-to-date symlink: /home/hsiutsu/ros2_ws/src/ros2_vicon_receiver/install/vicon_receiver/share/vicon_receiver/cmake/ament_cmake_export_include_directories-extras.cmake
[5.054s] -- Up-to-date symlink: /home/hsiutsu/ros2_ws/src/ros2_vicon_receiver/install/vicon_receiver/share/vicon_receiver/cmake/rosidl_cmake_export_typesupport_libraries-extras.cmake
[5.054s] -- Up-to-date symlink: /home/hsiutsu/ros2_ws/src/ros2_vicon_receiver/install/vicon_receiver/share/vicon_receiver/cmake/rosidl_cmake_export_typesupport_targets-extras.cmake
[5.055s] -- Up-to-date symlink: /home/hsiutsu/ros2_ws/src/ros2_vicon_receiver/install/vicon_receiver/share/vicon_receiver/cmake/vicon_receiverConfig.cmake
[5.055s] -- Up-to-date symlink: /home/hsiutsu/ros2_ws/src/ros2_vicon_receiver/install/vicon_receiver/share/vicon_receiver/cmake/vicon_receiverConfig-version.cmake
[5.056s] -- Up-to-date symlink: /home/hsiutsu/ros2_ws/src/ros2_vicon_receiver/install/vicon_receiver/share/vicon_receiver/package.xml
[5.056s] -- Up-to-date: /home/hsiutsu/ros2_ws/src/ros2_vicon_receiver/install/vicon_receiver/lib/libvicon_receiver__rosidl_generator_c.so
[5.057s] -- Up-to-date: /home/hsiutsu/ros2_ws/src/ros2_vicon_receiver/install/vicon_receiver/lib/libvicon_receiver__rosidl_typesupport_introspection_c.so
[5.057s] -- Up-to-date: /home/hsiutsu/ros2_ws/src/ros2_vicon_receiver/install/vicon_receiver/lib/libvicon_receiver__rosidl_typesupport_c.so
[5.058s] -- Up-to-date: /home/hsiutsu/ros2_ws/src/ros2_vicon_receiver/install/vicon_receiver/lib/libvicon_receiver__rosidl_typesupport_introspection_cpp.so
[5.059s] -- Up-to-date: /home/hsiutsu/ros2_ws/src/ros2_vicon_receiver/install/vicon_receiver/lib/libvicon_receiver__rosidl_typesupport_cpp.so
[5.086s] Compiling '/home/hsiutsu/ros2_ws/src/ros2_vicon_receiver/install/vicon_receiver/lib/python3.8/site-packages/vicon_receiver/__init__.py'...
[5.089s] -- Up-to-date: /home/hsiutsu/ros2_ws/src/ros2_vicon_receiver/install/vicon_receiver/share/vicon_receiver/cmake/vicon_receiver__rosidl_generator_cExport.cmake
[5.089s] -- Installing: /home/hsiutsu/ros2_ws/src/ros2_vicon_receiver/install/vicon_receiver/share/vicon_receiver/cmake/vicon_receiver__rosidl_generator_cExport-noconfig.cmake
[5.089s] -- Up-to-date: /home/hsiutsu/ros2_ws/src/ros2_vicon_receiver/install/vicon_receiver/share/vicon_receiver/cmake/vicon_receiver__rosidl_typesupport_introspection_cExport.cmake
[5.089s] -- Installing: /home/hsiutsu/ros2_ws/src/ros2_vicon_receiver/install/vicon_receiver/share/vicon_receiver/cmake/vicon_receiver__rosidl_typesupport_introspection_cExport-noconfig.cmake
[5.090s] -- Up-to-date: /home/hsiutsu/ros2_ws/src/ros2_vicon_receiver/install/vicon_receiver/share/vicon_receiver/cmake/vicon_receiver__rosidl_typesupport_cExport.cmake
[5.090s] -- Installing: /home/hsiutsu/ros2_ws/src/ros2_vicon_receiver/install/vicon_receiver/share/vicon_receiver/cmake/vicon_receiver__rosidl_typesupport_cExport-noconfig.cmake
[5.090s] -- Up-to-date: /home/hsiutsu/ros2_ws/src/ros2_vicon_receiver/install/vicon_receiver/share/vicon_receiver/cmake/vicon_receiver__rosidl_generator_cppExport.cmake
[5.090s] -- Up-to-date: /home/hsiutsu/ros2_ws/src/ros2_vicon_receiver/install/vicon_receiver/share/vicon_receiver/cmake/vicon_receiver__rosidl_typesupport_introspection_cppExport.cmake
[5.090s] -- Installing: /home/hsiutsu/ros2_ws/src/ros2_vicon_receiver/install/vicon_receiver/share/vicon_receiver/cmake/vicon_receiver__rosidl_typesupport_introspection_cppExport-noconfig.cmake
[5.091s] -- Up-to-date: /home/hsiutsu/ros2_ws/src/ros2_vicon_receiver/install/vicon_receiver/share/vicon_receiver/cmake/vicon_receiver__rosidl_typesupport_cppExport.cmake
[5.091s] -- Installing: /home/hsiutsu/ros2_ws/src/ros2_vicon_receiver/install/vicon_receiver/share/vicon_receiver/cmake/vicon_receiver__rosidl_typesupport_cppExport-noconfig.cmake
[5.093s] Invoked command in '/home/hsiutsu/ros2_ws/src/ros2_vicon_receiver/build/vicon_receiver' returned '0': CMAKE_PREFIX_PATH=${CMAKE_PREFIX_PATH}:/opt/ros/galactic /usr/bin/cmake --install /home/hsiutsu/ros2_ws/src/ros2_vicon_receiver/build/vicon_receiver
